~~~
<pre><code>GLMakie.activate&#33;&#40;; screen_config...&#41;</code></pre>
<p>Sets GLMakie as the currently active backend and also allows to quickly set the <code>screen_config</code>. Note, that the <code>screen_config</code> can also be set permanently via <code>Makie.set_theme&#33;&#40;GLMakie&#61;&#40;screen_config...,&#41;&#41;</code>.</p>
<h1>Arguments one can pass via <code>screen_config</code>:</h1>
<h2>Renderloop</h2>
<ul>
<li><p><code>renderloop &#61; GLMakie.renderloop</code>: sets a function <code>renderloop&#40;::GLMakie.Screen&#41;</code> which starts a renderloop for the screen.</p>
</li>
</ul>
<pre><code>&#33;&#33;&#33; warning
The below are not effective if renderloop isn&#39;t set to &#96;GLMakie.renderloop&#96;, unless implemented in custom renderloop:</code></pre>
<ul>
<li><p><code>pause_renderloop &#61; false</code>: creates a screen with paused renderlooop. Can be started with <code>GLMakie.start_renderloop&#33;&#40;screen&#41;</code> or paused again with <code>GLMakie.pause_renderloop&#33;&#40;screen&#41;</code>.</p>
</li>
<li><p><code>vsync &#61; false</code>: enables vsync for the window.</p>
</li>
<li><p><code>render_on_demand &#61; true</code>: renders the scene only if something has changed in it.</p>
</li>
<li><p><code>framerate &#61; 30.0</code>: sets the currently rendered frames per second.</p>
</li>
</ul>
<h2>GLFW window attributes</h2>
<ul>
<li><p><code>float &#61; false</code>: Lets the opened window float above anything else.</p>
</li>
<li><p><code>focus_on_show &#61; false</code>: Focusses the window when newly opened.</p>
</li>
<li><p><code>decorated &#61; true</code>: shows the window decorations or not.</p>
</li>
<li><p><code>title::String &#61; &quot;Makie&quot;</code>: Sets the window title.</p>
</li>
<li><p><code>fullscreen &#61; false</code>: Starts the window in fullscreen.</p>
</li>
<li><p><code>debugging &#61; false</code>: Starts the GLFW.Window/OpenGL context with debug output.</p>
</li>
<li><p><code>monitor::Union&#123;Nothing, GLFW.Monitor&#125; &#61; nothing</code>: Sets the monitor on which the Window should be opened.</p>
</li>
</ul>
<h2>Postprocessor</h2>
<ul>
<li><p><code>oit &#61; false</code>: Enles order independent transparency for the window.</p>
</li>
<li><p><code>fxaa &#61; true</code>: Enables fxaa &#40;anti-aliasing&#41; for the window.</p>
</li>
<li><p><code>ssao &#61; true</code>: Enables screen space ambient occlusion, which simulates natural shadowing at inner edges and crevices.</p>
</li>
<li><p><code>transparency_weight_scale &#61; 1000f0</code>: This adjusts a factor in the rendering shaders for order independent transparency.   This should be the same for all of them &#40;within one rendering pipeline&#41; otherwise depth &quot;order&quot; will be broken.</p>
</li>
</ul>



~~~
