┌ Warning: Could not precompile precompile(Tuple{typeof(PNGFiles._readcallback), Ptr{Nothing}, Ptr{UInt8}, UInt64})
│   exception =
│    LoadError: UndefVarError: PNGFiles not defined
│    in expression starting at string:1
└ @ Main C:\Users\sdani\.julia\packages\TracePrecompiles\FBguk\src\process-prs.jl:32
┌ Warning: Could not precompile precompile(Tuple{typeof(PNGFiles._readcallback_iobuffer), Ptr{Nothing}, Ptr{UInt8}, UInt64})
│   exception =
│    LoadError: UndefVarError: PNGFiles not defined
│    in expression starting at string:1
└ @ Main C:\Users\sdani\.julia\packages\TracePrecompiles\FBguk\src\process-prs.jl:32
┌ Warning: Could not precompile precompile(Tuple{typeof(PNGFiles._writecallback), Ptr{Nothing}, Ptr{UInt8}, UInt64})
│   exception =
│    LoadError: UndefVarError: PNGFiles not defined
│    in expression starting at string:1
└ @ Main C:\Users\sdani\.julia\packages\TracePrecompiles\FBguk\src\process-prs.jl:32
┌ Warning: Could not precompile precompile(Tuple{typeof(PNGFiles.png_error_handler), Ptr{Nothing}, Base.Cstring})
│   exception =
│    LoadError: UndefVarError: PNGFiles not defined
│    in expression starting at string:1
└ @ Main C:\Users\sdani\.julia\packages\TracePrecompiles\FBguk\src\process-prs.jl:32
┌ Warning: Could not precompile precompile(Tuple{typeof(PNGFiles.png_warn_handler), Ptr{Nothing}, Base.Cstring})
│   exception =
│    LoadError: UndefVarError: PNGFiles not defined
│    in expression starting at string:1
└ @ Main C:\Users\sdani\.julia\packages\TracePrecompiles\FBguk\src\process-prs.jl:32
┌ Warning: Could not precompile precompile(Tuple{typeof(PNGFiles.__init__)})
│   exception =
│    LoadError: UndefVarError: PNGFiles not defined
│    in expression starting at string:1
└ @ Main C:\Users\sdani\.julia\packages\TracePrecompiles\FBguk\src\process-prs.jl:32
┌ Warning: Could not precompile precompile(Tuple{typeof(PNGFiles.load), String})
│   exception =
│    LoadError: UndefVarError: PNGFiles not defined
│    in expression starting at string:1
└ @ Main C:\Users\sdani\.julia\packages\TracePrecompiles\FBguk\src\process-prs.jl:32
┌ Warning: Could not precompile precompile(Tuple{typeof(PNGFiles._load!), Array{ColorTypes.RGBA{FixedPointNumbers.Normed{UInt16, 16}}, 2}, Ptr{Nothing}, Ptr{Nothing}})
│   exception =
│    LoadError: UndefVarError: PNGFiles not defined
│    in expression starting at string:1
└ @ Main C:\Users\sdani\.julia\packages\TracePrecompiles\FBguk\src\process-prs.jl:32
┌ Warning: Could not precompile precompile(Tuple{typeof(Base.Broadcast.combine_styles), Tuple{IntervalSets.Interval{:closed, :closed, Int64}, Main.var"#3#4"}})
│   exception =
│    LoadError: UndefVarError: #3#4 not defined
│    in expression starting at string:1
└ @ Main C:\Users\sdani\.julia\packages\TracePrecompiles\FBguk\src\process-prs.jl:32
┌ Warning: Could not precompile precompile(Tuple{typeof(Base.Broadcast.broadcasted), Base.Broadcast.Style{Tuple}, Function, Tuple{IntervalSets.Interval{:closed, :closed, Int64}, Main.var"#3#4"}})
│   exception =
│    LoadError: UndefVarError: #3#4 not defined
│    in expression starting at string:1
└ @ Main C:\Users\sdani\.julia\packages\TracePrecompiles\FBguk\src\process-prs.jl:32
┌ Warning: Could not precompile precompile(Tuple{Type{Base.Broadcast.Broadcasted{Base.Broadcast.Style{Tuple}, Axes, F, Args} where Args<:Tuple where F where Axes}, typeof(Observables.to_value), Tuple{Tuple{IntervalSets.Interval{:closed, :closed, Int64}, Main.var"#3#4"}}})
│   exception =
│    LoadError: UndefVarError: #3#4 not defined
│    in expression starting at string:1
└ @ Main C:\Users\sdani\.julia\packages\TracePrecompiles\FBguk\src\process-prs.jl:32
┌ Warning: Could not precompile precompile(Tuple{typeof(Base.Broadcast.instantiate), Base.Broadcast.Broadcasted{Base.Broadcast.Style{Tuple}, Nothing, typeof(Observables.to_value), Tuple{Tuple{IntervalSets.Interval{:closed, :closed, Int64}, Main.var"#3#4"}}}})
│   exception =
│    LoadError: UndefVarError: #3#4 not defined
│    in expression starting at string:1
└ @ Main C:\Users\sdani\.julia\packages\TracePrecompiles\FBguk\src\process-prs.jl:32
┌ Warning: Could not precompile precompile(Tuple{typeof(Base.copy), Base.Broadcast.Broadcasted{Base.Broadcast.Style{Tuple}, Nothing, typeof(Observables.to_value), Tuple{Tuple{IntervalSets.Interval{:closed, :closed, Int64}, Main.var"#3#4"}}}})
│   exception =
│    LoadError: UndefVarError: #3#4 not defined
│    in expression starting at string:1
└ @ Main C:\Users\sdani\.julia\packages\TracePrecompiles\FBguk\src\process-prs.jl:32
┌ Warning: Could not precompile precompile(Tuple{typeof(MakieCore.convert_arguments), Type{MakieCore.Combined{MakieCore.lines, Tuple{IntervalSets.Interval{:closed, :closed, Int64}, Main.var"#3#4"}}}, IntervalSets.Interval{:closed, :closed, Int64}, Function})
│   exception =
│    LoadError: UndefVarError: #3#4 not defined
│    in expression starting at string:1
└ @ Main C:\Users\sdani\.julia\packages\TracePrecompiles\FBguk\src\process-prs.jl:32
┌ Warning: Could not precompile precompile(Tuple{Type{Base.Broadcast.Broadcasted{Base.Broadcast.DefaultArrayStyle{1}, Axes, F, Args} where Args<:Tuple where F where Axes}, PlotUtils.var"#27#29"{Main.var"#3#4"}, Tuple{Array{Float64, 1}}})
│   exception =
│    LoadError: UndefVarError: #3#4 not defined
│    in expression starting at string:1
└ @ Main C:\Users\sdani\.julia\packages\TracePrecompiles\FBguk\src\process-prs.jl:32
┌ Warning: Could not precompile precompile(Tuple{typeof(Base.Broadcast.materialize), Base.Broadcast.Broadcasted{Base.Broadcast.DefaultArrayStyle{1}, Nothing, PlotUtils.var"#27#29"{Main.var"#3#4"}, Tuple{Array{Float64, 1}}}})
│   exception =
│    LoadError: UndefVarError: #3#4 not defined
│    in expression starting at string:1
└ @ Main C:\Users\sdani\.julia\packages\TracePrecompiles\FBguk\src\process-prs.jl:32
┌ Warning: Could not precompile precompile(Tuple{typeof(MakieCore.convert_arguments), Type{MakieCore.Combined{MakieCore.lines, Tuple{IntervalSets.Interval{:closed, :closed, Int64}, Main.var"#3#4"}}}, Array{Float64, 1}, Array{Float64, 1}})
│   exception =
│    LoadError: UndefVarError: #3#4 not defined
│    in expression starting at string:1
└ @ Main C:\Users\sdani\.julia\packages\TracePrecompiles\FBguk\src\process-prs.jl:32
┌ Warning: Could not precompile precompile(Tuple{typeof(Makie.to_plotspec), Type{MakieCore.Combined{MakieCore.lines, Tuple{IntervalSets.Interval{:closed, :closed, Int64}, Main.var"#3#4"}}}, Tuple{Array{GeometryBasics.Point{2, Float32}, 1}}})
│   exception =
│    LoadError: UndefVarError: #3#4 not defined
│    in expression starting at string:1
└ @ Main C:\Users\sdani\.julia\packages\TracePrecompiles\FBguk\src\process-prs.jl:32
┌ Warning: Could not precompile precompile(Tuple{typeof(Makie.apply_convert!), Type, MakieCore.Attributes, Makie.PlotSpec{MakieCore.Combined{MakieCore.lines, Tuple{IntervalSets.Interval{:closed, :closed, Int64}, Main.var"#3#4"}}}})
│   exception =
│    LoadError: UndefVarError: #3#4 not defined
│    in expression starting at string:1
└ @ Main C:\Users\sdani\.julia\packages\TracePrecompiles\FBguk\src\process-prs.jl:32
┌ Warning: Could not precompile precompile(Tuple{typeof(MakieCore.plottype), Type{MakieCore.Combined{MakieCore.lines, Tuple{IntervalSets.Interval{:closed, :closed, Int64}, Main.var"#3#4"}}}, Type{MakieCore.Combined{MakieCore.lines, Tuple{IntervalSets.Interval{:closed, :closed, Int64}, Main.var"#3#4"}}}})
│   exception =
│    LoadError: UndefVarError: #3#4 not defined
│    in expression starting at string:1
└ @ Main C:\Users\sdani\.julia\packages\TracePrecompiles\FBguk\src\process-prs.jl:32
┌ Warning: Could not precompile precompile(Tuple{typeof(Base.Broadcast.combine_styles), Base.RefValue{Type{Observables.Observable{T} where T}}, Tuple{IntervalSets.Interval{:closed, :closed, Int64}, Main.var"#3#4"}})
│   exception =
│    LoadError: UndefVarError: #3#4 not defined
│    in expression starting at string:1
└ @ Main C:\Users\sdani\.julia\packages\TracePrecompiles\FBguk\src\process-prs.jl:32
┌ Warning: Could not precompile precompile(Tuple{typeof(Base.Broadcast.broadcasted), Base.Broadcast.Style{Tuple}, Function, Base.RefValue{Type{Observables.Observable{T} where T}}, Tuple{IntervalSets.Interval{:closed, :closed, Int64}, Main.var"#3#4"}})
│   exception =
│    LoadError: UndefVarError: #3#4 not defined
│    in expression starting at string:1
└ @ Main C:\Users\sdani\.julia\packages\TracePrecompiles\FBguk\src\process-prs.jl:32
┌ Warning: Could not precompile precompile(Tuple{Type{Base.Broadcast.Broadcasted{Base.Broadcast.Style{Tuple}, Axes, F, Args} where Args<:Tuple where F where Axes}, typeof(Base.convert), Tuple{Base.RefValue{Type{Observables.Observable{T} where T}}, Tuple{IntervalSets.Interval{:closed, :closed, Int64}, Main.var"#3#4"}}})
│   exception =
│    LoadError: UndefVarError: #3#4 not defined
│    in expression starting at string:1
└ @ Main C:\Users\sdani\.julia\packages\TracePrecompiles\FBguk\src\process-prs.jl:32
┌ Warning: Could not precompile precompile(Tuple{typeof(Base.Broadcast.instantiate), Base.Broadcast.Broadcasted{Base.Broadcast.Style{Tuple}, Nothing, typeof(Base.convert), Tuple{Base.RefValue{Type{Observables.Observable{T} where T}}, Tuple{IntervalSets.Interval{:closed, :closed, Int64}, Main.var"#3#4"}}}})
│   exception =
│    LoadError: UndefVarError: #3#4 not defined
│    in expression starting at string:1
└ @ Main C:\Users\sdani\.julia\packages\TracePrecompiles\FBguk\src\process-prs.jl:32
┌ Warning: Could not precompile precompile(Tuple{typeof(Base.copy), Base.Broadcast.Broadcasted{Base.Broadcast.Style{Tuple}, Nothing, typeof(Base.convert), Tuple{Base.RefValue{Type{Observables.Observable{T} where T}}, Tuple{IntervalSets.Interval{:closed, :closed, Int64}, Main.var"#3#4"}}}})
│   exception =
│    LoadError: UndefVarError: #3#4 not defined
│    in expression starting at string:1
└ @ Main C:\Users\sdani\.julia\packages\TracePrecompiles\FBguk\src\process-prs.jl:32
┌ Warning: Could not precompile precompile(Tuple{typeof(Base.map), typeof(tuple), Observables.Observable{IntervalSets.Interval{:closed, :closed, Int64}}, Observables.Observable{Main.var"#3#4"}})
│   exception =
│    LoadError: UndefVarError: #3#4 not defined
│    in expression starting at string:1
└ @ Main C:\Users\sdani\.julia\packages\TracePrecompiles\FBguk\src\process-prs.jl:32
┌ Warning: Could not precompile precompile(Tuple{Observables.var"##map!#14", Bool, typeof(Base.map!), Any, Observables.Observable{Tuple{IntervalSets.Interval{:closed, :closed, Int64}, Main.var"#3#4"}}, Observables.Observable{IntervalSets.Interval{:closed, :closed, Int64}}, Vararg{Any}})
│   exception =
│    LoadError: UndefVarError: #3#4 not defined
│    in expression starting at string:1
└ @ Main C:\Users\sdani\.julia\packages\TracePrecompiles\FBguk\src\process-prs.jl:32
┌ Warning: Could not precompile precompile(Tuple{typeof(Core.convert), Type{Observables.var"#callback#13"{Observables.var"#15#16"{typeof(tuple), Observables.Observable{Tuple{IntervalSets.Interval{:closed, :closed, Int64}, Main.var"#3#4"}}}, Tuple{Observables.Observable{IntervalSets.Interval{:closed, :closed, Int64}}, Observables.Observable{Main.var"#3#4"}}}}, Observables.var"#callback#13"{Observables.var"#15#16"{typeof(tuple), Observables.Observable{Tuple{IntervalSets.Interval{:closed, :closed, Int64}, Main.var"#3#4"}}}, Tuple{Observables.Observable{IntervalSets.Interval{:closed, :closed, Int64}}, Observables.Observable{Main.var"#3#4"}}}})
│   exception =
│    LoadError: UndefVarError: #3#4 not defined
│    in expression starting at string:1
└ @ Main C:\Users\sdani\.julia\packages\TracePrecompiles\FBguk\src\process-prs.jl:32
┌ Warning: Could not precompile precompile(Tuple{typeof(Base.insert!), Array{Pair{Int64, Any}, 1}, Int64, Pair{Int64, Observables.var"#callback#13"{Observables.var"#15#16"{typeof(tuple), Observables.Observable{Tuple{IntervalSets.Interval{:closed, :closed, Int64}, Main.var"#3#4"}}}, Tuple{Observables.Observable{IntervalSets.Interval{:closed, :closed, Int64}}, Observables.Observable{Main.var"#3#4"}}}}})
│   exception =
│    LoadError: UndefVarError: #3#4 not defined
│    in expression starting at string:1
└ @ Main C:\Users\sdani\.julia\packages\TracePrecompiles\FBguk\src\process-prs.jl:32
┌ Warning: Could not precompile precompile(Tuple{typeof(Observables.listeners), Observables.Observable{Main.var"#3#4"}})
│   exception =
│    LoadError: UndefVarError: #3#4 not defined
│    in expression starting at string:1
└ @ Main C:\Users\sdani\.julia\packages\TracePrecompiles\FBguk\src\process-prs.jl:32
┌ Warning: Could not precompile precompile(Tuple{typeof(Core.convert), Type{Observables.var"#callback#13"{Makie.var"#130#132"{MakieCore.Attributes, Observables.Observable{Tuple{Array{GeometryBasics.Point{2, Float32}, 1}}}, DataType}, Tuple{Observables.Observable{Tuple{}}, Observables.Observable{Tuple{IntervalSets.Interval{:closed, :closed, Int64}, Main.var"#3#4"}}}}}, Observables.var"#callback#13"{Makie.var"#130#132"{MakieCore.Attributes, Observables.Observable{Tuple{Array{GeometryBasics.Point{2, Float32}, 1}}}, DataType}, Tuple{Observables.Observable{Tuple{}}, Observables.Observable{Tuple{IntervalSets.Interval{:closed, :closed, Int64}, Main.var"#3#4"}}}}})
│   exception =
│    LoadError: UndefVarError: #3#4 not defined
│    in expression starting at string:1
└ @ Main C:\Users\sdani\.julia\packages\TracePrecompiles\FBguk\src\process-prs.jl:32
┌ Warning: Could not precompile precompile(Tuple{typeof(Base.insert!), Array{Pair{Int64, Any}, 1}, Int64, Pair{Int64, Observables.var"#callback#13"{Makie.var"#130#132"{MakieCore.Attributes, Observables.Observable{Tuple{Array{GeometryBasics.Point{2, Float32}, 1}}}, DataType}, Tuple{Observables.Observable{Tuple{}}, Observables.Observable{Tuple{IntervalSets.Interval{:closed, :closed, Int64}, Main.var"#3#4"}}}}}})
│   exception =
│    LoadError: UndefVarError: #3#4 not defined
│    in expression starting at string:1
└ @ Main C:\Users\sdani\.julia\packages\TracePrecompiles\FBguk\src\process-prs.jl:32
┌ Warning: Could not precompile precompile(Tuple{typeof(Observables.listeners), Observables.Observable{Tuple{IntervalSets.Interval{:closed, :closed, Int64}, Main.var"#3#4"}}})
│   exception =
│    LoadError: UndefVarError: #3#4 not defined
│    in expression starting at string:1
└ @ Main C:\Users\sdani\.julia\packages\TracePrecompiles\FBguk\src\process-prs.jl:32
┌ Warning: Could not precompile precompile(Tuple{typeof(MakieCore.plot!), Makie.Scene, Type{MakieCore.Combined{MakieCore.lines, Tuple{IntervalSets.Interval{:closed, :closed, Int64}, Main.var"#3#4"}}}, MakieCore.Attributes, Tuple{Observables.Observable{IntervalSets.Interval{:closed, :closed, Int64}}, Observables.Observable{Main.var"#3#4"}}, Observables.Observable{Tuple{Array{GeometryBasics.Point{2, Float32}, 1}}}})
│   exception =
│    LoadError: UndefVarError: #3#4 not defined
│    in expression starting at string:1
└ @ Main C:\Users\sdani\.julia\packages\TracePrecompiles\FBguk\src\process-prs.jl:32
┌ Warning: Could not precompile precompile(Tuple{typeof(Base.getindex), Type{Contour.Curve2{Tuple{Float32, Float32}}}})
│   exception =
│    LoadError: type UnionAll has no field Curve2
│    in expression starting at string:1
└ @ Main C:\Users\sdani\.julia\packages\TracePrecompiles\FBguk\src\process-prs.jl:32
┌ Warning: Could not precompile precompile(Tuple{Type{Contour.ContourLevel{T, L} where L where T}, Float32, Array{Contour.Curve2{Tuple{Float32, Float32}}, 1}})
│   exception =
│    LoadError: type UnionAll has no field ContourLevel
│    in expression starting at string:1
└ @ Main C:\Users\sdani\.julia\packages\TracePrecompiles\FBguk\src\process-prs.jl:32
┌ Warning: Could not precompile precompile(Tuple{typeof(Contour.interpolate), Array{Float32, 1}, Array{Float32, 1}, Array{Float32, 2}, Float32, Tuple{Int64, Int64}, UInt8, Type{Tuple{Float32, Float32}}})
│   exception =
│    LoadError: type UnionAll has no field interpolate
│    in expression starting at string:1
└ @ Main C:\Users\sdani\.julia\packages\TracePrecompiles\FBguk\src\process-prs.jl:32
┌ Warning: Could not precompile precompile(Tuple{typeof(Contour.chase!), Base.Dict{Tuple{Int64, Int64}, UInt8}, Array{Tuple{Float32, Float32}, 1}, Array{Float32, 1}, Array{Float32, 1}, Array{Float32, 2}, Float32, Tuple{Int64, Int64}, UInt8, Base.UnitRange{Int64}, Base.UnitRange{Int64}, Type{Tuple{Float32, Float32}}})
│   exception =
│    LoadError: type UnionAll has no field chase!
│    in expression starting at string:1
└ @ Main C:\Users\sdani\.julia\packages\TracePrecompiles\FBguk\src\process-prs.jl:32
┌ Warning: Could not precompile precompile(Tuple{Type{Contour.Curve2{T} where T}, Array{Tuple{Float32, Float32}, 1}})
│   exception =
│    LoadError: type UnionAll has no field Curve2
│    in expression starting at string:1
└ @ Main C:\Users\sdani\.julia\packages\TracePrecompiles\FBguk\src\process-prs.jl:32
┌ Warning: Could not precompile precompile(Tuple{typeof(Base.push!), Array{Contour.Curve2{Tuple{Float32, Float32}}, 1}, Contour.Curve2{Tuple{Float32, Float32}}})
│   exception =
│    LoadError: type UnionAll has no field Curve2
│    in expression starting at string:1
└ @ Main C:\Users\sdani\.julia\packages\TracePrecompiles\FBguk\src\process-prs.jl:32
┌ Warning: Could not precompile precompile(Tuple{typeof(Base.Broadcast.combine_styles), Tuple{typeof(Main.v), IntervalSets.Interval{:closed, :closed, Int64}, IntervalSets.Interval{:closed, :closed, Int64}}})
│   exception =
│    LoadError: UndefVarError: v not defined
│    in expression starting at string:1
└ @ Main C:\Users\sdani\.julia\packages\TracePrecompiles\FBguk\src\process-prs.jl:32
┌ Warning: Could not precompile precompile(Tuple{typeof(Base.Broadcast.broadcasted), Base.Broadcast.Style{Tuple}, Function, Tuple{typeof(Main.v), IntervalSets.Interval{:closed, :closed, Int64}, IntervalSets.Interval{:closed, :closed, Int64}}})
│   exception =
│    LoadError: UndefVarError: v not defined
│    in expression starting at string:1
└ @ Main C:\Users\sdani\.julia\packages\TracePrecompiles\FBguk\src\process-prs.jl:32
┌ Warning: Could not precompile precompile(Tuple{Type{Base.Broadcast.Broadcasted{Base.Broadcast.Style{Tuple}, Axes, F, Args} where Args<:Tuple where F where Axes}, typeof(Observables.to_value), Tuple{Tuple{typeof(Main.v), IntervalSets.Interval{:closed, :closed, Int64}, IntervalSets.Interval{:closed, :closed, Int64}}}})
│   exception =
│    LoadError: UndefVarError: v not defined
│    in expression starting at string:1
└ @ Main C:\Users\sdani\.julia\packages\TracePrecompiles\FBguk\src\process-prs.jl:32
┌ Warning: Could not precompile precompile(Tuple{typeof(Base.Broadcast.instantiate), Base.Broadcast.Broadcasted{Base.Broadcast.Style{Tuple}, Nothing, typeof(Observables.to_value), Tuple{Tuple{typeof(Main.v), IntervalSets.Interval{:closed, :closed, Int64}, IntervalSets.Interval{:closed, :closed, Int64}}}}})
│   exception =
│    LoadError: UndefVarError: v not defined
│    in expression starting at string:1
└ @ Main C:\Users\sdani\.julia\packages\TracePrecompiles\FBguk\src\process-prs.jl:32
┌ Warning: Could not precompile precompile(Tuple{typeof(Base.copy), Base.Broadcast.Broadcasted{Base.Broadcast.Style{Tuple}, Nothing, typeof(Observables.to_value), Tuple{Tuple{typeof(Main.v), IntervalSets.Interval{:closed, :closed, Int64}, IntervalSets.Interval{:closed, :closed, Int64}}}}})
│   exception =
│    LoadError: UndefVarError: v not defined
│    in expression starting at string:1
└ @ Main C:\Users\sdani\.julia\packages\TracePrecompiles\FBguk\src\process-prs.jl:32
┌ Warning: Could not precompile precompile(Tuple{typeof(MakieCore.convert_arguments), Type{MakieCore.Combined{Makie.streamplot, Tuple{typeof(Main.v), IntervalSets.Interval{:closed, :closed, Int64}, IntervalSets.Interval{:closed, :closed, Int64}}}}, Function, IntervalSets.Interval{:closed, :closed, Int64}, IntervalSets.Interval{:closed, :closed, Int64}})
│   exception =
│    LoadError: UndefVarError: v not defined
│    in expression starting at string:1
└ @ Main C:\Users\sdani\.julia\packages\TracePrecompiles\FBguk\src\process-prs.jl:32
┌ Warning: Could not precompile precompile(Tuple{typeof(Makie.apply_convert!), Type, MakieCore.Attributes, Tuple{typeof(Main.v), GeometryBasics.HyperRectangle{2, Int64}}})
│   exception =
│    LoadError: UndefVarError: v not defined
│    in expression starting at string:1
└ @ Main C:\Users\sdani\.julia\packages\TracePrecompiles\FBguk\src\process-prs.jl:32
┌ Warning: Could not precompile precompile(Tuple{typeof(MakieCore.plottype), Type{MakieCore.Combined{Makie.streamplot, Tuple{typeof(Main.v), IntervalSets.Interval{:closed, :closed, Int64}, IntervalSets.Interval{:closed, :closed, Int64}}}}, Function, GeometryBasics.HyperRectangle{2, Int64}})
│   exception =
│    LoadError: UndefVarError: v not defined
│    in expression starting at string:1
└ @ Main C:\Users\sdani\.julia\packages\TracePrecompiles\FBguk\src\process-prs.jl:32
┌ Warning: Could not precompile precompile(Tuple{typeof(Base.indexed_iterate), Tuple{DataType, Tuple{typeof(Main.v), GeometryBasics.HyperRectangle{2, Int64}}}, Int64})
│   exception =
│    LoadError: UndefVarError: v not defined
│    in expression starting at string:1
└ @ Main C:\Users\sdani\.julia\packages\TracePrecompiles\FBguk\src\process-prs.jl:32
┌ Warning: Could not precompile precompile(Tuple{typeof(Base.indexed_iterate), Tuple{DataType, Tuple{typeof(Main.v), GeometryBasics.HyperRectangle{2, Int64}}}, Int64, Int64})
│   exception =
│    LoadError: UndefVarError: v not defined
│    in expression starting at string:1
└ @ Main C:\Users\sdani\.julia\packages\TracePrecompiles\FBguk\src\process-prs.jl:32
┌ Warning: Could not precompile precompile(Tuple{Type{Observables.Observable{T} where T}, Tuple{typeof(Main.v), GeometryBasics.HyperRectangle{2, Int64}}})
│   exception =
│    LoadError: UndefVarError: v not defined
│    in expression starting at string:1
└ @ Main C:\Users\sdani\.julia\packages\TracePrecompiles\FBguk\src\process-prs.jl:32
┌ Warning: Could not precompile precompile(Tuple{typeof(Base.Broadcast.combine_styles), Base.RefValue{Type{Observables.Observable{T} where T}}, Tuple{typeof(Main.v), IntervalSets.Interval{:closed, :closed, Int64}, IntervalSets.Interval{:closed, :closed, Int64}}})
│   exception =
│    LoadError: UndefVarError: v not defined
│    in expression starting at string:1
└ @ Main C:\Users\sdani\.julia\packages\TracePrecompiles\FBguk\src\process-prs.jl:32
┌ Warning: Could not precompile precompile(Tuple{typeof(Base.Broadcast.broadcasted), Base.Broadcast.Style{Tuple}, Function, Base.RefValue{Type{Observables.Observable{T} where T}}, Tuple{typeof(Main.v), IntervalSets.Interval{:closed, :closed, Int64}, IntervalSets.Interval{:closed, :closed, Int64}}})
│   exception =
│    LoadError: UndefVarError: v not defined
│    in expression starting at string:1
└ @ Main C:\Users\sdani\.julia\packages\TracePrecompiles\FBguk\src\process-prs.jl:32
┌ Warning: Could not precompile precompile(Tuple{Type{Base.Broadcast.Broadcasted{Base.Broadcast.Style{Tuple}, Axes, F, Args} where Args<:Tuple where F where Axes}, typeof(Base.convert), Tuple{Base.RefValue{Type{Observables.Observable{T} where T}}, Tuple{typeof(Main.v), IntervalSets.Interval{:closed, :closed, Int64}, IntervalSets.Interval{:closed, :closed, Int64}}}})
│   exception =
│    LoadError: UndefVarError: v not defined
│    in expression starting at string:1
└ @ Main C:\Users\sdani\.julia\packages\TracePrecompiles\FBguk\src\process-prs.jl:32
┌ Warning: Could not precompile precompile(Tuple{typeof(Base.Broadcast.instantiate), Base.Broadcast.Broadcasted{Base.Broadcast.Style{Tuple}, Nothing, typeof(Base.convert), Tuple{Base.RefValue{Type{Observables.Observable{T} where T}}, Tuple{typeof(Main.v), IntervalSets.Interval{:closed, :closed, Int64}, IntervalSets.Interval{:closed, :closed, Int64}}}}})
│   exception =
│    LoadError: UndefVarError: v not defined
│    in expression starting at string:1
└ @ Main C:\Users\sdani\.julia\packages\TracePrecompiles\FBguk\src\process-prs.jl:32
┌ Warning: Could not precompile precompile(Tuple{typeof(Base.copy), Base.Broadcast.Broadcasted{Base.Broadcast.Style{Tuple}, Nothing, typeof(Base.convert), Tuple{Base.RefValue{Type{Observables.Observable{T} where T}}, Tuple{typeof(Main.v), IntervalSets.Interval{:closed, :closed, Int64}, IntervalSets.Interval{:closed, :closed, Int64}}}}})
│   exception =
│    LoadError: UndefVarError: v not defined
│    in expression starting at string:1
└ @ Main C:\Users\sdani\.julia\packages\TracePrecompiles\FBguk\src\process-prs.jl:32
┌ Warning: Could not precompile precompile(Tuple{typeof(Base.map), typeof(tuple), Observables.Observable{typeof(Main.v)}, Observables.Observable{IntervalSets.Interval{:closed, :closed, Int64}}, Observables.Observable{IntervalSets.Interval{:closed, :closed, Int64}}})
│   exception =
│    LoadError: UndefVarError: v not defined
│    in expression starting at string:1
└ @ Main C:\Users\sdani\.julia\packages\TracePrecompiles\FBguk\src\process-prs.jl:32
┌ Warning: Could not precompile precompile(Tuple{Observables.var"##map!#14", Bool, typeof(Base.map!), Any, Observables.Observable{Tuple{typeof(Main.v), IntervalSets.Interval{:closed, :closed, Int64}, IntervalSets.Interval{:closed, :closed, Int64}}}, Observables.Observable{typeof(Main.v)}, Vararg{Any}})
│   exception =
│    LoadError: UndefVarError: v not defined
│    in expression starting at string:1
└ @ Main C:\Users\sdani\.julia\packages\TracePrecompiles\FBguk\src\process-prs.jl:32
┌ Warning: Could not precompile precompile(Tuple{typeof(Observables.onany), Function, Observables.Observable{typeof(Main.v)}, Vararg{Any}})
│   exception =
│    LoadError: UndefVarError: v not defined
│    in expression starting at string:1
└ @ Main C:\Users\sdani\.julia\packages\TracePrecompiles\FBguk\src\process-prs.jl:32
┌ Warning: Could not precompile precompile(Tuple{Observables.var"##onany#12", Bool, Int64, typeof(Observables.onany), Function, Observables.Observable{typeof(Main.v)}, Vararg{Any}})
│   exception =
│    LoadError: UndefVarError: v not defined
│    in expression starting at string:1
└ @ Main C:\Users\sdani\.julia\packages\TracePrecompiles\FBguk\src\process-prs.jl:32
┌ Warning: Could not precompile precompile(Tuple{typeof(Observables.listeners), Observables.Observable{typeof(Main.v)}})
│   exception =
│    LoadError: UndefVarError: v not defined
│    in expression starting at string:1
└ @ Main C:\Users\sdani\.julia\packages\TracePrecompiles\FBguk\src\process-prs.jl:32
┌ Warning: Could not precompile precompile(Tuple{typeof(Core.convert), Type{Observables.var"#callback#13"{Observables.var"#15#16"{typeof(tuple), Observables.Observable{Tuple{typeof(Main.v), IntervalSets.Interval{:closed, :closed, Int64}, IntervalSets.Interval{:closed, :closed, Int64}}}}, Tuple{Observables.Observable{typeof(Main.v)}, Observables.Observable{IntervalSets.Interval{:closed, :closed, Int64}}, Observables.Observable{IntervalSets.Interval{:closed, :closed, Int64}}}}}, Observables.var"#callback#13"{Observables.var"#15#16"{typeof(tuple), Observables.Observable{Tuple{typeof(Main.v), IntervalSets.Interval{:closed, :closed, Int64}, IntervalSets.Interval{:closed, :closed, Int64}}}}, Tuple{Observables.Observable{typeof(Main.v)}, Observables.Observable{IntervalSets.Interval{:closed, :closed, Int64}}, Observables.Observable{IntervalSets.Interval{:closed, :closed, Int64}}}}})
│   exception =
│    LoadError: UndefVarError: v not defined
│    in expression starting at string:1
└ @ Main C:\Users\sdani\.julia\packages\TracePrecompiles\FBguk\src\process-prs.jl:32
┌ Warning: Could not precompile precompile(Tuple{typeof(Base.insert!), Array{Pair{Int64, Any}, 1}, Int64, Pair{Int64, Observables.var"#callback#13"{Observables.var"#15#16"{typeof(tuple), Observables.Observable{Tuple{typeof(Main.v), IntervalSets.Interval{:closed, :closed, Int64}, IntervalSets.Interval{:closed, :closed, Int64}}}}, Tuple{Observables.Observable{typeof(Main.v)}, Observables.Observable{IntervalSets.Interval{:closed, :closed, Int64}}, Observables.Observable{IntervalSets.Interval{:closed, :closed, Int64}}}}}})
│   exception =
│    LoadError: UndefVarError: v not defined
│    in expression starting at string:1
└ @ Main C:\Users\sdani\.julia\packages\TracePrecompiles\FBguk\src\process-prs.jl:32
┌ Warning: Could not precompile precompile(Tuple{typeof(Core.convert), Type{Observables.var"#callback#13"{Makie.var"#130#132"{MakieCore.Attributes, Observables.Observable{Tuple{typeof(Main.v), GeometryBasics.HyperRectangle{2, Int64}}}, DataType}, Tuple{Observables.Observable{Tuple{}}, Observables.Observable{Tuple{typeof(Main.v), IntervalSets.Interval{:closed, :closed, Int64}, IntervalSets.Interval{:closed, :closed, Int64}}}}}}, Observables.var"#callback#13"{Makie.var"#130#132"{MakieCore.Attributes, Observables.Observable{Tuple{typeof(Main.v), GeometryBasics.HyperRectangle{2, Int64}}}, DataType}, Tuple{Observables.Observable{Tuple{}}, Observables.Observable{Tuple{typeof(Main.v), IntervalSets.Interval{:closed, :closed, Int64}, IntervalSets.Interval{:closed, :closed, Int64}}}}}})
│   exception =
│    LoadError: UndefVarError: v not defined
│    in expression starting at string:1
└ @ Main C:\Users\sdani\.julia\packages\TracePrecompiles\FBguk\src\process-prs.jl:32
┌ Warning: Could not precompile precompile(Tuple{typeof(Base.insert!), Array{Pair{Int64, Any}, 1}, Int64, Pair{Int64, Observables.var"#callback#13"{Makie.var"#130#132"{MakieCore.Attributes, Observables.Observable{Tuple{typeof(Main.v), GeometryBasics.HyperRectangle{2, Int64}}}, DataType}, Tuple{Observables.Observable{Tuple{}}, Observables.Observable{Tuple{typeof(Main.v), IntervalSets.Interval{:closed, :closed, Int64}, IntervalSets.Interval{:closed, :closed, Int64}}}}}}})
│   exception =
│    LoadError: UndefVarError: v not defined
│    in expression starting at string:1
└ @ Main C:\Users\sdani\.julia\packages\TracePrecompiles\FBguk\src\process-prs.jl:32
┌ Warning: Could not precompile precompile(Tuple{typeof(Observables.listeners), Observables.Observable{Tuple{typeof(Main.v), IntervalSets.Interval{:closed, :closed, Int64}, IntervalSets.Interval{:closed, :closed, Int64}}}})
│   exception =
│    LoadError: UndefVarError: v not defined
│    in expression starting at string:1
└ @ Main C:\Users\sdani\.julia\packages\TracePrecompiles\FBguk\src\process-prs.jl:32
┌ Warning: Could not precompile precompile(Tuple{typeof(Core.Compiler.eltype), Type{Array{Observables.Observable{typeof(Main.v)}, 1}}})
│   exception =
│    LoadError: UndefVarError: v not defined
│    in expression starting at string:1
└ @ Main C:\Users\sdani\.julia\packages\TracePrecompiles\FBguk\src\process-prs.jl:32
┌ Warning: Could not precompile precompile(Tuple{typeof(MakieCore.plot!), Makie.Scene, Type{MakieCore.Combined{Makie.streamplot, Tuple{typeof(Main.v), IntervalSets.Interval{:closed, :closed, Int64}, IntervalSets.Interval{:closed, :closed, Int64}}}}, MakieCore.Attributes, Tuple{Observables.Observable{typeof(Main.v)}, Observables.Observable{IntervalSets.Interval{:closed, :closed, Int64}}, Observables.Observable{IntervalSets.Interval{:closed, :closed, Int64}}}, Observables.Observable{Tuple{typeof(Main.v), GeometryBasics.HyperRectangle{2, Int64}}}})
│   exception =
│    LoadError: UndefVarError: v not defined
│    in expression starting at string:1
└ @ Main C:\Users\sdani\.julia\packages\TracePrecompiles\FBguk\src\process-prs.jl:32
┌ Warning: Could not precompile precompile(Tuple{typeof(MakieCore.default_theme), Makie.Scene, Type{MakieCore.Combined{Makie.streamplot, Tuple{typeof(Main.v), GeometryBasics.HyperRectangle{2, Int64}}}}})
│   exception =
│    LoadError: UndefVarError: v not defined
│    in expression starting at string:1
└ @ Main C:\Users\sdani\.julia\packages\TracePrecompiles\FBguk\src\process-prs.jl:32
┌ Warning: Could not precompile precompile(Tuple{typeof(Observables.listeners), Observables.Observable{Tuple{typeof(Main.v), GeometryBasics.HyperRectangle{2, Int64}}}})
│   exception =
│    LoadError: UndefVarError: v not defined
│    in expression starting at string:1
└ @ Main C:\Users\sdani\.julia\packages\TracePrecompiles\FBguk\src\process-prs.jl:32
┌ Warning: Could not precompile precompile(Tuple{typeof(Core.convert), Type{Observables.var"#callback#13"{Observables.var"#15#16"{Makie.var"#117#119"{Int64}, Observables.Observable{typeof(Main.v)}}, Tuple{Observables.Observable{Tuple{typeof(Main.v), GeometryBasics.HyperRectangle{2, Int64}}}}}}, Observables.var"#callback#13"{Observables.var"#15#16"{Makie.var"#117#119"{Int64}, Observables.Observable{typeof(Main.v)}}, Tuple{Observables.Observable{Tuple{typeof(Main.v), GeometryBasics.HyperRectangle{2, Int64}}}}}})
│   exception =
│    LoadError: UndefVarError: v not defined
│    in expression starting at string:1
└ @ Main C:\Users\sdani\.julia\packages\TracePrecompiles\FBguk\src\process-prs.jl:32
┌ Warning: Could not precompile precompile(Tuple{typeof(Base.insert!), Array{Pair{Int64, Any}, 1}, Int64, Pair{Int64, Observables.var"#callback#13"{Observables.var"#15#16"{Makie.var"#117#119"{Int64}, Observables.Observable{typeof(Main.v)}}, Tuple{Observables.Observable{Tuple{typeof(Main.v), GeometryBasics.HyperRectangle{2, Int64}}}}}}})
│   exception =
│    LoadError: UndefVarError: v not defined
│    in expression starting at string:1
└ @ Main C:\Users\sdani\.julia\packages\TracePrecompiles\FBguk\src\process-prs.jl:32
┌ Warning: Could not precompile precompile(Tuple{typeof(Core.convert), Type{Observables.var"#callback#13"{Observables.var"#15#16"{Makie.var"#117#119"{Int64}, Observables.Observable{GeometryBasics.HyperRectangle{2, Int64}}}, Tuple{Observables.Observable{Tuple{typeof(Main.v), GeometryBasics.HyperRectangle{2, Int64}}}}}}, Observables.var"#callback#13"{Observables.var"#15#16"{Makie.var"#117#119"{Int64}, Observables.Observable{GeometryBasics.HyperRectangle{2, Int64}}}, Tuple{Observables.Observable{Tuple{typeof(Main.v), GeometryBasics.HyperRectangle{2, Int64}}}}}})
│   exception =
│    LoadError: UndefVarError: v not defined
│    in expression starting at string:1
└ @ Main C:\Users\sdani\.julia\packages\TracePrecompiles\FBguk\src\process-prs.jl:32
┌ Warning: Could not precompile precompile(Tuple{typeof(Base.insert!), Array{Pair{Int64, Any}, 1}, Int64, Pair{Int64, Observables.var"#callback#13"{Observables.var"#15#16"{Makie.var"#117#119"{Int64}, Observables.Observable{GeometryBasics.HyperRectangle{2, Int64}}}, Tuple{Observables.Observable{Tuple{typeof(Main.v), GeometryBasics.HyperRectangle{2, Int64}}}}}}})
│   exception =
│    LoadError: UndefVarError: v not defined
│    in expression starting at string:1
└ @ Main C:\Users\sdani\.julia\packages\TracePrecompiles\FBguk\src\process-prs.jl:32
┌ Warning: Could not precompile precompile(Tuple{typeof(Base.map), Makie.var"#600#607", Observables.Observable{typeof(Main.v)}, Observables.Observable{GeometryBasics.HyperRectangle{2, Int64}}, Observables.Observable{Any}, Vararg{Observables.Observable{Any}}})
│   exception =
│    LoadError: UndefVarError: v not defined
│    in expression starting at string:1
└ @ Main C:\Users\sdani\.julia\packages\TracePrecompiles\FBguk\src\process-prs.jl:32
┌ Warning: Could not precompile precompile(Tuple{Observables.var"##map#19", Bool, typeof(Base.map), Makie.var"#600#607", Observables.Observable{typeof(Main.v)}, Observables.Observable{GeometryBasics.HyperRectangle{2, Int64}}, Vararg{Any}})
│   exception =
│    LoadError: UndefVarError: v not defined
│    in expression starting at string:1
└ @ Main C:\Users\sdani\.julia\packages\TracePrecompiles\FBguk\src\process-prs.jl:32
┌ Warning: Could not precompile precompile(Tuple{typeof(Makie.streamplot_impl), Type, typeof(Main.v), GeometryBasics.HyperRectangle{2, Int64}, Tuple{Int64, Int64, Int64}, Float64, Int64, Float64})
│   exception =
│    LoadError: UndefVarError: v not defined
│    in expression starting at string:1
└ @ Main C:\Users\sdani\.julia\packages\TracePrecompiles\FBguk\src\process-prs.jl:32
┌ Warning: Could not precompile precompile(Tuple{Makie.var"#apply_f#597"{typeof(Main.v)}, GeometryBasics.Point{2, Float64}, Type})
│   exception =
│    LoadError: UndefVarError: v not defined
│    in expression starting at string:1
└ @ Main C:\Users\sdani\.julia\packages\TracePrecompiles\FBguk\src\process-prs.jl:32
┌ Warning: Could not precompile precompile(Tuple{Base.var"#map!##kw", NamedTuple{(:update,), Tuple{Bool}}, typeof(Base.map!), Any, Observables.Observable{Tuple{Array{GeometryBasics.Point{2, Float32}, 1}, Array{GeometryBasics.Vec{2, Float32}, 1}, Array{GeometryBasics.Point{2, Float32}, 1}, Array{Float64, 1}, Array{Float64, 1}}}, Observables.Observable{typeof(Main.v)}, Vararg{Any}})
│   exception =
│    LoadError: UndefVarError: v not defined
│    in expression starting at string:1
└ @ Main C:\Users\sdani\.julia\packages\TracePrecompiles\FBguk\src\process-prs.jl:32
┌ Warning: Could not precompile precompile(Tuple{Observables.var"##map!#14", Bool, typeof(Base.map!), Any, Observables.Observable{Tuple{Array{GeometryBasics.Point{2, Float32}, 1}, Array{GeometryBasics.Vec{2, Float32}, 1}, Array{GeometryBasics.Point{2, Float32}, 1}, Array{Float64, 1}, Array{Float64, 1}}}, Observables.Observable{typeof(Main.v)}, Vararg{Any}})
│   exception =
│    LoadError: UndefVarError: v not defined
│    in expression starting at string:1
└ @ Main C:\Users\sdani\.julia\packages\TracePrecompiles\FBguk\src\process-prs.jl:32
┌ Warning: Could not precompile precompile(Tuple{typeof(Core.convert), Type{Observables.var"#callback#13"{Observables.var"#15#16"{Makie.var"#600#607", Observables.Observable{Tuple{Array{GeometryBasics.Point{2, Float32}, 1}, Array{GeometryBasics.Vec{2, Float32}, 1}, Array{GeometryBasics.Point{2, Float32}, 1}, Array{Float64, 1}, Array{Float64, 1}}}}, Tuple{Observables.Observable{typeof(Main.v)}, Observables.Observable{GeometryBasics.HyperRectangle{2, Int64}}, Observables.Observable{Any}, Observables.Observable{Any}, Observables.Observable{Any}, Observables.Observable{Any}}}}, Observables.var"#callback#13"{Observables.var"#15#16"{Makie.var"#600#607", Observables.Observable{Tuple{Array{GeometryBasics.Point{2, Float32}, 1}, Array{GeometryBasics.Vec{2, Float32}, 1}, Array{GeometryBasics.Point{2, Float32}, 1}, Array{Float64, 1}, Array{Float64, 1}}}}, Tuple{Observables.Observable{typeof(Main.v)}, Observables.Observable{GeometryBasics.HyperRectangle{2, Int64}}, Observables.Observable{Any}, Observables.Observable{Any}, Observables.Observable{Any}, Observables.Observable{Any}}}})
│   exception =
│    LoadError: UndefVarError: v not defined
│    in expression starting at string:1
└ @ Main C:\Users\sdani\.julia\packages\TracePrecompiles\FBguk\src\process-prs.jl:32
┌ Warning: Could not precompile precompile(Tuple{typeof(Base.insert!), Array{Pair{Int64, Any}, 1}, Int64, Pair{Int64, Observables.var"#callback#13"{Observables.var"#15#16"{Makie.var"#600#607", Observables.Observable{Tuple{Array{GeometryBasics.Point{2, Float32}, 1}, Array{GeometryBasics.Vec{2, Float32}, 1}, Array{GeometryBasics.Point{2, Float32}, 1}, Array{Float64, 1}, Array{Float64, 1}}}}, Tuple{Observables.Observable{typeof(Main.v)}, Observables.Observable{GeometryBasics.HyperRectangle{2, Int64}}, Observables.Observable{Any}, Observables.Observable{Any}, Observables.Observable{Any}, Observables.Observable{Any}}}}})
│   exception =
│    LoadError: UndefVarError: v not defined
│    in expression starting at string:1
└ @ Main C:\Users\sdani\.julia\packages\TracePrecompiles\FBguk\src\process-prs.jl:32
┌ Warning: Could not precompile precompile(Tuple{MakieCore.var"#lines!##kw", NamedTuple{(:color, :colormap, :colorrange, :linestyle, :linewidth, :inspectable, :transparency), Tuple{Observables.Observable{Array{Float64, 1}}, Observables.Observable{Any}, Observables.Observable{Any}, Observables.Observable{Any}, Observables.Observable{Any}, Observables.Observable{Any}, Observables.Observable{Any}}}, typeof(MakieCore.lines!), MakieCore.Combined{Makie.streamplot, Tuple{typeof(Main.v), GeometryBasics.HyperRectangle{2, Int64}}}, Vararg{Any}})
│   exception =
│    LoadError: UndefVarError: v not defined
│    in expression starting at string:1
└ @ Main C:\Users\sdani\.julia\packages\TracePrecompiles\FBguk\src\process-prs.jl:32
┌ Warning: Could not precompile precompile(Tuple{MakieCore.var"##lines!#32", Base.Pairs{Symbol, Observables.Observable{T} where T, Tuple{Symbol, Symbol, Symbol, Symbol, Symbol, Symbol, Symbol}, NamedTuple{(:color, :colormap, :colorrange, :linestyle, :linewidth, :inspectable, :transparency), Tuple{Observables.Observable{Array{Float64, 1}}, Observables.Observable{Any}, Observables.Observable{Any}, Observables.Observable{Any}, Observables.Observable{Any}, Observables.Observable{Any}, Observables.Observable{Any}}}}, typeof(MakieCore.lines!), MakieCore.Combined{Makie.streamplot, Tuple{typeof(Main.v), GeometryBasics.HyperRectangle{2, Int64}}}, Vararg{Any}})
│   exception =
│    LoadError: UndefVarError: v not defined
│    in expression starting at string:1
└ @ Main C:\Users\sdani\.julia\packages\TracePrecompiles\FBguk\src\process-prs.jl:32
┌ Warning: Could not precompile precompile(Tuple{MakieCore.var"#plot!##kw", NamedTuple{(:color, :colormap, :colorrange, :linestyle, :linewidth, :inspectable, :transparency), Tuple{Observables.Observable{Array{Float64, 1}}, Observables.Observable{Any}, Observables.Observable{Any}, Observables.Observable{Any}, Observables.Observable{Any}, Observables.Observable{Any}, Observables.Observable{Any}}}, typeof(MakieCore.plot!), Type{MakieCore.Combined{MakieCore.lines, ArgType} where ArgType}, MakieCore.Combined{Makie.streamplot, Tuple{typeof(Main.v), GeometryBasics.HyperRectangle{2, Int64}}}, Observables.Observable{Array{GeometryBasics.Point{2, Float32}, 1}}})
│   exception =
│    LoadError: UndefVarError: v not defined
│    in expression starting at string:1
└ @ Main C:\Users\sdani\.julia\packages\TracePrecompiles\FBguk\src\process-prs.jl:32
┌ Warning: Could not precompile precompile(Tuple{typeof(MakieCore.default_theme), MakieCore.Combined{Makie.streamplot, Tuple{typeof(Main.v), GeometryBasics.HyperRectangle{2, Int64}}}, Type{MakieCore.Combined{MakieCore.lines, Tuple{Array{GeometryBasics.Point{2, Float32}, 1}}}}})
│   exception =
│    LoadError: UndefVarError: v not defined
│    in expression starting at string:1
└ @ Main C:\Users\sdani\.julia\packages\TracePrecompiles\FBguk\src\process-prs.jl:32
┌ Warning: Could not precompile precompile(Tuple{MakieCore.var"#scatter!##kw", NamedTuple{(:markersize, :marker, :color, :rotations, :colormap, :colorrange, :inspectable, :transparency), Tuple{Observables.Observable{Any}, Observables.Observable{Char}, Observables.Observable{Array{Float64, 1}}, Observables.Observable{MakieCore.Billboard{Array{Float32, 1}}}, Observables.Observable{Any}, Observables.Observable{Any}, Observables.Observable{Any}, Observables.Observable{Any}}}, typeof(MakieCore.scatter!), MakieCore.Combined{Makie.streamplot, Tuple{typeof(Main.v), GeometryBasics.HyperRectangle{2, Int64}}}, Vararg{Any}})
│   exception =
│    LoadError: UndefVarError: v not defined
│    in expression starting at string:1
└ @ Main C:\Users\sdani\.julia\packages\TracePrecompiles\FBguk\src\process-prs.jl:32
┌ Warning: Could not precompile precompile(Tuple{MakieCore.var"##scatter!#44", Base.Pairs{Symbol, Observables.Observable{T} where T, Tuple{Symbol, Symbol, Symbol, Symbol, Symbol, Symbol, Symbol, Symbol}, NamedTuple{(:markersize, :marker, :color, :rotations, :colormap, :colorrange, :inspectable, :transparency), Tuple{Observables.Observable{Any}, Observables.Observable{Char}, Observables.Observable{Array{Float64, 1}}, Observables.Observable{MakieCore.Billboard{Array{Float32, 1}}}, Observables.Observable{Any}, Observables.Observable{Any}, Observables.Observable{Any}, Observables.Observable{Any}}}}, typeof(MakieCore.scatter!), MakieCore.Combined{Makie.streamplot, Tuple{typeof(Main.v), GeometryBasics.HyperRectangle{2, Int64}}}, Vararg{Any}})
│   exception =
│    LoadError: UndefVarError: v not defined
│    in expression starting at string:1
└ @ Main C:\Users\sdani\.julia\packages\TracePrecompiles\FBguk\src\process-prs.jl:32
┌ Warning: Could not precompile precompile(Tuple{MakieCore.var"#plot!##kw", NamedTuple{(:markersize, :marker, :color, :rotations, :colormap, :colorrange, :inspectable, :transparency), Tuple{Observables.Observable{Any}, Observables.Observable{Char}, Observables.Observable{Array{Float64, 1}}, Observables.Observable{MakieCore.Billboard{Array{Float32, 1}}}, Observables.Observable{Any}, Observables.Observable{Any}, Observables.Observable{Any}, Observables.Observable{Any}}}, typeof(MakieCore.plot!), Type{MakieCore.Combined{MakieCore.scatter, ArgType} where ArgType}, MakieCore.Combined{Makie.streamplot, Tuple{typeof(Main.v), GeometryBasics.HyperRectangle{2, Int64}}}, Observables.Observable{Array{GeometryBasics.Point{2, Float32}, 1}}})
│   exception =
│    LoadError: UndefVarError: v not defined
│    in expression starting at string:1
└ @ Main C:\Users\sdani\.julia\packages\TracePrecompiles\FBguk\src\process-prs.jl:32
┌ Warning: Could not precompile precompile(Tuple{typeof(MakieCore.default_theme), MakieCore.Combined{Makie.streamplot, Tuple{typeof(Main.v), GeometryBasics.HyperRectangle{2, Int64}}}, Type{MakieCore.Combined{MakieCore.scatter, Tuple{Array{GeometryBasics.Point{2, Float32}, 1}}}}})
│   exception =
│    LoadError: UndefVarError: v not defined
│    in expression starting at string:1
└ @ Main C:\Users\sdani\.julia\packages\TracePrecompiles\FBguk\src\process-prs.jl:32
┌ Warning: Could not precompile precompile(Tuple{Makie.var"#677#679"{Makie.var"#676#678", Base.RefValue{GeometryBasics.HyperRectangle{3, Float32}}}, MakieCore.Combined{Makie.streamplot, Tuple{typeof(Main.v), GeometryBasics.HyperRectangle{2, Int64}}}})
│   exception =
│    LoadError: UndefVarError: v not defined
│    in expression starting at string:1
└ @ Main C:\Users\sdani\.julia\packages\TracePrecompiles\FBguk\src\process-prs.jl:32
┌ Warning: Could not precompile precompile(Tuple{Makie.var"#677#679"{Makie.var"#exclude#1281"{Int64}, Base.RefValue{GeometryBasics.HyperRectangle{3, Float32}}}, MakieCore.Combined{Makie.streamplot, Tuple{typeof(Main.v), GeometryBasics.HyperRectangle{2, Int64}}}})
│   exception =
│    LoadError: UndefVarError: v not defined
│    in expression starting at string:1
└ @ Main C:\Users\sdani\.julia\packages\TracePrecompiles\FBguk\src\process-prs.jl:32
┌ Warning: Could not precompile precompile(Tuple{Type{Makie.FigureAxisPlot}, Makie.Figure, Makie.Axis, MakieCore.Combined{Makie.streamplot, Tuple{typeof(Main.v), GeometryBasics.HyperRectangle{2, Int64}}}})
│   exception =
│    LoadError: UndefVarError: v not defined
│    in expression starting at string:1
└ @ Main C:\Users\sdani\.julia\packages\TracePrecompiles\FBguk\src\process-prs.jl:32
┌ Warning: Could not precompile precompile(Tuple{typeof(Base.insert!), GLMakie.Screen, Makie.Scene, MakieCore.Combined{Makie.streamplot, Tuple{typeof(Main.v), GeometryBasics.HyperRectangle{2, Int64}}}})
│   exception =
│    LoadError: UndefVarError: v not defined
│    in expression starting at string:1
└ @ Main C:\Users\sdani\.julia\packages\TracePrecompiles\FBguk\src\process-prs.jl:32
┌ Warning: Could not precompile precompile(Tuple{typeof(Makie.zvalue2d), MakieCore.Combined{Makie.streamplot, Tuple{typeof(Main.v), GeometryBasics.HyperRectangle{2, Int64}}}})
│   exception =
│    LoadError: UndefVarError: v not defined
│    in expression starting at string:1
└ @ Main C:\Users\sdani\.julia\packages\TracePrecompiles\FBguk\src\process-prs.jl:32
┌ Warning: Could not precompile precompile(Tuple{typeof(Base.Broadcast.combine_styles), Tuple{Base.StepRangeLen{Float64, Base.TwicePrecision{Float64}, Base.TwicePrecision{Float64}, Int64}, Base.StepRangeLen{Float64, Base.TwicePrecision{Float64}, Base.TwicePrecision{Float64}, Int64}, Base.StepRangeLen{Float64, Base.TwicePrecision{Float64}, Base.TwicePrecision{Float64}, Int64}, Main.var"#5#7"}})
│   exception =
│    LoadError: UndefVarError: #5#7 not defined
│    in expression starting at string:1
└ @ Main C:\Users\sdani\.julia\packages\TracePrecompiles\FBguk\src\process-prs.jl:32
┌ Warning: Could not precompile precompile(Tuple{typeof(Base.Broadcast.broadcasted), Base.Broadcast.Style{Tuple}, Function, Tuple{Base.StepRangeLen{Float64, Base.TwicePrecision{Float64}, Base.TwicePrecision{Float64}, Int64}, Base.StepRangeLen{Float64, Base.TwicePrecision{Float64}, Base.TwicePrecision{Float64}, Int64}, Base.StepRangeLen{Float64, Base.TwicePrecision{Float64}, Base.TwicePrecision{Float64}, Int64}, Main.var"#5#7"}})
│   exception =
│    LoadError: UndefVarError: #5#7 not defined
│    in expression starting at string:1
└ @ Main C:\Users\sdani\.julia\packages\TracePrecompiles\FBguk\src\process-prs.jl:32
┌ Warning: Could not precompile precompile(Tuple{Type{Base.Broadcast.Broadcasted{Base.Broadcast.Style{Tuple}, Axes, F, Args} where Args<:Tuple where F where Axes}, typeof(Observables.to_value), Tuple{Tuple{Base.StepRangeLen{Float64, Base.TwicePrecision{Float64}, Base.TwicePrecision{Float64}, Int64}, Base.StepRangeLen{Float64, Base.TwicePrecision{Float64}, Base.TwicePrecision{Float64}, Int64}, Base.StepRangeLen{Float64, Base.TwicePrecision{Float64}, Base.TwicePrecision{Float64}, Int64}, Main.var"#5#7"}}})
│   exception =
│    LoadError: UndefVarError: #5#7 not defined
│    in expression starting at string:1
└ @ Main C:\Users\sdani\.julia\packages\TracePrecompiles\FBguk\src\process-prs.jl:32
┌ Warning: Could not precompile precompile(Tuple{typeof(Base.Broadcast.instantiate), Base.Broadcast.Broadcasted{Base.Broadcast.Style{Tuple}, Nothing, typeof(Observables.to_value), Tuple{Tuple{Base.StepRangeLen{Float64, Base.TwicePrecision{Float64}, Base.TwicePrecision{Float64}, Int64}, Base.StepRangeLen{Float64, Base.TwicePrecision{Float64}, Base.TwicePrecision{Float64}, Int64}, Base.StepRangeLen{Float64, Base.TwicePrecision{Float64}, Base.TwicePrecision{Float64}, Int64}, Main.var"#5#7"}}}})
│   exception =
│    LoadError: UndefVarError: #5#7 not defined
│    in expression starting at string:1
└ @ Main C:\Users\sdani\.julia\packages\TracePrecompiles\FBguk\src\process-prs.jl:32
┌ Warning: Could not precompile precompile(Tuple{typeof(Base.copy), Base.Broadcast.Broadcasted{Base.Broadcast.Style{Tuple}, Nothing, typeof(Observables.to_value), Tuple{Tuple{Base.StepRangeLen{Float64, Base.TwicePrecision{Float64}, Base.TwicePrecision{Float64}, Int64}, Base.StepRangeLen{Float64, Base.TwicePrecision{Float64}, Base.TwicePrecision{Float64}, Int64}, Base.StepRangeLen{Float64, Base.TwicePrecision{Float64}, Base.TwicePrecision{Float64}, Int64}, Main.var"#5#7"}}}})
│   exception =
│    LoadError: UndefVarError: #5#7 not defined
│    in expression starting at string:1
└ @ Main C:\Users\sdani\.julia\packages\TracePrecompiles\FBguk\src\process-prs.jl:32
┌ Warning: Could not precompile precompile(Tuple{typeof(MakieCore.convert_arguments), Type{MakieCore.Combined{MakieCore.volume, Tuple{Base.StepRangeLen{Float64, Base.TwicePrecision{Float64}, Base.TwicePrecision{Float64}, Int64}, Base.StepRangeLen{Float64, Base.TwicePrecision{Float64}, Base.TwicePrecision{Float64}, Int64}, Base.StepRangeLen{Float64, Base.TwicePrecision{Float64}, Base.TwicePrecision{Float64}, Int64}, Main.var"#5#7"}}}, Base.StepRangeLen{Float64, Base.TwicePrecision{Float64}, Base.TwicePrecision{Float64}, Int64}, Base.StepRangeLen{Float64, Base.TwicePrecision{Float64}, Base.TwicePrecision{Float64}, Int64}, Base.StepRangeLen{Float64, Base.TwicePrecision{Float64}, Base.TwicePrecision{Float64}, Int64}, Function})
│   exception =
│    LoadError: UndefVarError: #5#7 not defined
│    in expression starting at string:1
└ @ Main C:\Users\sdani\.julia\packages\TracePrecompiles\FBguk\src\process-prs.jl:32
┌ Warning: Could not precompile precompile(Tuple{Type{Base.Broadcast.Broadcasted{Base.Broadcast.DefaultArrayStyle{3}, Axes, F, Args} where Args<:Tuple where F where Axes}, Main.var"#5#7", Tuple{Base.ReshapedArray{Float64, 3, Base.StepRangeLen{Float64, Base.TwicePrecision{Float64}, Base.TwicePrecision{Float64}, Int64}, Tuple{}}, Base.ReshapedArray{Float64, 3, Base.StepRangeLen{Float64, Base.TwicePrecision{Float64}, Base.TwicePrecision{Float64}, Int64}, Tuple{}}, Base.ReshapedArray{Float64, 3, Base.StepRangeLen{Float64, Base.TwicePrecision{Float64}, Base.TwicePrecision{Float64}, Int64}, Tuple{}}}})
│   exception =
│    LoadError: UndefVarError: #5#7 not defined
│    in expression starting at string:1
└ @ Main C:\Users\sdani\.julia\packages\TracePrecompiles\FBguk\src\process-prs.jl:32
┌ Warning: Could not precompile precompile(Tuple{Type{Base.Broadcast.Broadcasted{Base.Broadcast.DefaultArrayStyle{3}, Axes, F, Args} where Args<:Tuple where F where Axes}, typeof(Makie.el32convert), Tuple{Base.Broadcast.Broadcasted{Base.Broadcast.DefaultArrayStyle{3}, Nothing, Main.var"#5#7", Tuple{Base.ReshapedArray{Float64, 3, Base.StepRangeLen{Float64, Base.TwicePrecision{Float64}, Base.TwicePrecision{Float64}, Int64}, Tuple{}}, Base.ReshapedArray{Float64, 3, Base.StepRangeLen{Float64, Base.TwicePrecision{Float64}, Base.TwicePrecision{Float64}, Int64}, Tuple{}}, Base.ReshapedArray{Float64, 3, Base.StepRangeLen{Float64, Base.TwicePrecision{Float64}, Base.TwicePrecision{Float64}, Int64}, Tuple{}}}}}})
│   exception =
│    LoadError: UndefVarError: #5#7 not defined
│    in expression starting at string:1
└ @ Main C:\Users\sdani\.julia\packages\TracePrecompiles\FBguk\src\process-prs.jl:32
┌ Warning: Could not precompile precompile(Tuple{typeof(Base.Broadcast.materialize), Base.Broadcast.Broadcasted{Base.Broadcast.DefaultArrayStyle{3}, Nothing, typeof(Makie.el32convert), Tuple{Base.Broadcast.Broadcasted{Base.Broadcast.DefaultArrayStyle{3}, Nothing, Main.var"#5#7", Tuple{Base.ReshapedArray{Float64, 3, Base.StepRangeLen{Float64, Base.TwicePrecision{Float64}, Base.TwicePrecision{Float64}, Int64}, Tuple{}}, Base.ReshapedArray{Float64, 3, Base.StepRangeLen{Float64, Base.TwicePrecision{Float64}, Base.TwicePrecision{Float64}, Int64}, Tuple{}}, Base.ReshapedArray{Float64, 3, Base.StepRangeLen{Float64, Base.TwicePrecision{Float64}, Base.TwicePrecision{Float64}, Int64}, Tuple{}}}}}}})
│   exception =
│    LoadError: UndefVarError: #5#7 not defined
│    in expression starting at string:1
└ @ Main C:\Users\sdani\.julia\packages\TracePrecompiles\FBguk\src\process-prs.jl:32
┌ Warning: Could not precompile precompile(Tuple{typeof(MakieCore.plottype), Type{MakieCore.Combined{MakieCore.volume, Tuple{Base.StepRangeLen{Float64, Base.TwicePrecision{Float64}, Base.TwicePrecision{Float64}, Int64}, Base.StepRangeLen{Float64, Base.TwicePrecision{Float64}, Base.TwicePrecision{Float64}, Int64}, Base.StepRangeLen{Float64, Base.TwicePrecision{Float64}, Base.TwicePrecision{Float64}, Int64}, Main.var"#5#7"}}}, Base.StepRangeLen{Float64, Base.TwicePrecision{Float64}, Base.TwicePrecision{Float64}, Int64}, Base.StepRangeLen{Float64, Base.TwicePrecision{Float64}, Base.TwicePrecision{Float64}, Int64}, Base.StepRangeLen{Float64, Base.TwicePrecision{Float64}, Base.TwicePrecision{Float64}, Int64}, Vararg{Any}})
│   exception =
│    LoadError: UndefVarError: #5#7 not defined
│    in expression starting at string:1
└ @ Main C:\Users\sdani\.julia\packages\TracePrecompiles\FBguk\src\process-prs.jl:32
┌ Warning: Could not precompile precompile(Tuple{typeof(Base.Broadcast.combine_styles), Base.RefValue{Type{Observables.Observable{T} where T}}, Tuple{Base.StepRangeLen{Float64, Base.TwicePrecision{Float64}, Base.TwicePrecision{Float64}, Int64}, Base.StepRangeLen{Float64, Base.TwicePrecision{Float64}, Base.TwicePrecision{Float64}, Int64}, Base.StepRangeLen{Float64, Base.TwicePrecision{Float64}, Base.TwicePrecision{Float64}, Int64}, Main.var"#5#7"}})
│   exception =
│    LoadError: UndefVarError: #5#7 not defined
│    in expression starting at string:1
└ @ Main C:\Users\sdani\.julia\packages\TracePrecompiles\FBguk\src\process-prs.jl:32
┌ Warning: Could not precompile precompile(Tuple{typeof(Base.Broadcast.broadcasted), Base.Broadcast.Style{Tuple}, Function, Base.RefValue{Type{Observables.Observable{T} where T}}, Tuple{Base.StepRangeLen{Float64, Base.TwicePrecision{Float64}, Base.TwicePrecision{Float64}, Int64}, Base.StepRangeLen{Float64, Base.TwicePrecision{Float64}, Base.TwicePrecision{Float64}, Int64}, Base.StepRangeLen{Float64, Base.TwicePrecision{Float64}, Base.TwicePrecision{Float64}, Int64}, Main.var"#5#7"}})
│   exception =
│    LoadError: UndefVarError: #5#7 not defined
│    in expression starting at string:1
└ @ Main C:\Users\sdani\.julia\packages\TracePrecompiles\FBguk\src\process-prs.jl:32
┌ Warning: Could not precompile precompile(Tuple{Type{Base.Broadcast.Broadcasted{Base.Broadcast.Style{Tuple}, Axes, F, Args} where Args<:Tuple where F where Axes}, typeof(Base.convert), Tuple{Base.RefValue{Type{Observables.Observable{T} where T}}, Tuple{Base.StepRangeLen{Float64, Base.TwicePrecision{Float64}, Base.TwicePrecision{Float64}, Int64}, Base.StepRangeLen{Float64, Base.TwicePrecision{Float64}, Base.TwicePrecision{Float64}, Int64}, Base.StepRangeLen{Float64, Base.TwicePrecision{Float64}, Base.TwicePrecision{Float64}, Int64}, Main.var"#5#7"}}})
│   exception =
│    LoadError: UndefVarError: #5#7 not defined
│    in expression starting at string:1
└ @ Main C:\Users\sdani\.julia\packages\TracePrecompiles\FBguk\src\process-prs.jl:32
┌ Warning: Could not precompile precompile(Tuple{typeof(Base.Broadcast.instantiate), Base.Broadcast.Broadcasted{Base.Broadcast.Style{Tuple}, Nothing, typeof(Base.convert), Tuple{Base.RefValue{Type{Observables.Observable{T} where T}}, Tuple{Base.StepRangeLen{Float64, Base.TwicePrecision{Float64}, Base.TwicePrecision{Float64}, Int64}, Base.StepRangeLen{Float64, Base.TwicePrecision{Float64}, Base.TwicePrecision{Float64}, Int64}, Base.StepRangeLen{Float64, Base.TwicePrecision{Float64}, Base.TwicePrecision{Float64}, Int64}, Main.var"#5#7"}}}})
│   exception =
│    LoadError: UndefVarError: #5#7 not defined
│    in expression starting at string:1
└ @ Main C:\Users\sdani\.julia\packages\TracePrecompiles\FBguk\src\process-prs.jl:32
┌ Warning: Could not precompile precompile(Tuple{typeof(Base.copy), Base.Broadcast.Broadcasted{Base.Broadcast.Style{Tuple}, Nothing, typeof(Base.convert), Tuple{Base.RefValue{Type{Observables.Observable{T} where T}}, Tuple{Base.StepRangeLen{Float64, Base.TwicePrecision{Float64}, Base.TwicePrecision{Float64}, Int64}, Base.StepRangeLen{Float64, Base.TwicePrecision{Float64}, Base.TwicePrecision{Float64}, Int64}, Base.StepRangeLen{Float64, Base.TwicePrecision{Float64}, Base.TwicePrecision{Float64}, Int64}, Main.var"#5#7"}}}})
│   exception =
│    LoadError: UndefVarError: #5#7 not defined
│    in expression starting at string:1
└ @ Main C:\Users\sdani\.julia\packages\TracePrecompiles\FBguk\src\process-prs.jl:32
┌ Warning: Could not precompile precompile(Tuple{typeof(Base.map), typeof(Observables.to_value), Tuple{Observables.Observable{Base.StepRangeLen{Float64, Base.TwicePrecision{Float64}, Base.TwicePrecision{Float64}, Int64}}, Observables.Observable{Base.StepRangeLen{Float64, Base.TwicePrecision{Float64}, Base.TwicePrecision{Float64}, Int64}}, Observables.Observable{Main.var"#5#7"}}})
│   exception =
│    LoadError: UndefVarError: #5#7 not defined
│    in expression starting at string:1
└ @ Main C:\Users\sdani\.julia\packages\TracePrecompiles\FBguk\src\process-prs.jl:32
┌ Warning: Could not precompile precompile(Tuple{Core.var"#Type##kw", NamedTuple{(:ignore_equal_values,), Tuple{Bool}}, Type{Observables.Observable{T} where T}, Tuple{Base.StepRangeLen{Float64, Base.TwicePrecision{Float64}, Base.TwicePrecision{Float64}, Int64}, Base.StepRangeLen{Float64, Base.TwicePrecision{Float64}, Base.TwicePrecision{Float64}, Int64}, Base.StepRangeLen{Float64, Base.TwicePrecision{Float64}, Base.TwicePrecision{Float64}, Int64}, Main.var"#5#7"}})
│   exception =
│    LoadError: UndefVarError: #5#7 not defined
│    in expression starting at string:1
└ @ Main C:\Users\sdani\.julia\packages\TracePrecompiles\FBguk\src\process-prs.jl:32
┌ Warning: Could not precompile precompile(Tuple{Base.var"#map!##kw", NamedTuple{(:update,), Tuple{Bool}}, typeof(Base.map!), Any, Observables.Observable{Tuple{Base.StepRangeLen{Float64, Base.TwicePrecision{Float64}, Base.TwicePrecision{Float64}, Int64}, Base.StepRangeLen{Float64, Base.TwicePrecision{Float64}, Base.TwicePrecision{Float64}, Int64}, Base.StepRangeLen{Float64, Base.TwicePrecision{Float64}, Base.TwicePrecision{Float64}, Int64}, Main.var"#5#7"}}, Observables.Observable{Base.StepRangeLen{Float64, Base.TwicePrecision{Float64}, Base.TwicePrecision{Float64}, Int64}}, Vararg{Any}})
│   exception =
│    LoadError: UndefVarError: #5#7 not defined
│    in expression starting at string:1
└ @ Main C:\Users\sdani\.julia\packages\TracePrecompiles\FBguk\src\process-prs.jl:32
┌ Warning: Could not precompile precompile(Tuple{Observables.var"##map!#14", Bool, typeof(Base.map!), Any, Observables.Observable{Tuple{Base.StepRangeLen{Float64, Base.TwicePrecision{Float64}, Base.TwicePrecision{Float64}, Int64}, Base.StepRangeLen{Float64, Base.TwicePrecision{Float64}, Base.TwicePrecision{Float64}, Int64}, Base.StepRangeLen{Float64, Base.TwicePrecision{Float64}, Base.TwicePrecision{Float64}, Int64}, Main.var"#5#7"}}, Observables.Observable{Base.StepRangeLen{Float64, Base.TwicePrecision{Float64}, Base.TwicePrecision{Float64}, Int64}}, Vararg{Any}})
│   exception =
│    LoadError: UndefVarError: #5#7 not defined
│    in expression starting at string:1
└ @ Main C:\Users\sdani\.julia\packages\TracePrecompiles\FBguk\src\process-prs.jl:32
┌ Warning: Could not precompile precompile(Tuple{typeof(Core.convert), Type{Observables.var"#callback#13"{Observables.var"#15#16"{typeof(tuple), Observables.Observable{Tuple{Base.StepRangeLen{Float64, Base.TwicePrecision{Float64}, Base.TwicePrecision{Float64}, Int64}, Base.StepRangeLen{Float64, Base.TwicePrecision{Float64}, Base.TwicePrecision{Float64}, Int64}, Base.StepRangeLen{Float64, Base.TwicePrecision{Float64}, Base.TwicePrecision{Float64}, Int64}, Main.var"#5#7"}}}, Tuple{Observables.Observable{Base.StepRangeLen{Float64, Base.TwicePrecision{Float64}, Base.TwicePrecision{Float64}, Int64}}, Observables.Observable{Base.StepRangeLen{Float64, Base.TwicePrecision{Float64}, Base.TwicePrecision{Float64}, Int64}}, Observables.Observable{Base.StepRangeLen{Float64, Base.TwicePrecision{Float64}, Base.TwicePrecision{Float64}, Int64}}, Observables.Observable{Main.var"#5#7"}}}}, Observables.var"#callback#13"{Observables.var"#15#16"{typeof(tuple), Observables.Observable{Tuple{Base.StepRangeLen{Float64, Base.TwicePrecision{Float64}, Base.TwicePrecision{Float64}, Int64}, Base.StepRangeLen{Float64, Base.TwicePrecision{Float64}, Base.TwicePrecision{Float64}, Int64}, Base.StepRangeLen{Float64, Base.TwicePrecision{Float64}, Base.TwicePrecision{Float64}, Int64}, Main.var"#5#7"}}}, Tuple{Observables.Observable{Base.StepRangeLen{Float64, Base.TwicePrecision{Float64}, Base.TwicePrecision{Float64}, Int64}}, Observables.Observable{Base.StepRangeLen{Float64, Base.TwicePrecision{Float64}, Base.TwicePrecision{Float64}, Int64}}, Observables.Observable{Base.StepRangeLen{Float64, Base.TwicePrecision{Float64}, Base.TwicePrecision{Float64}, Int64}}, Observables.Observable{Main.var"#5#7"}}}})
│   exception =
│    LoadError: UndefVarError: #5#7 not defined
│    in expression starting at string:1
└ @ Main C:\Users\sdani\.julia\packages\TracePrecompiles\FBguk\src\process-prs.jl:32
┌ Warning: Could not precompile precompile(Tuple{typeof(Base.insert!), Array{Pair{Int64, Any}, 1}, Int64, Pair{Int64, Observables.var"#callback#13"{Observables.var"#15#16"{typeof(tuple), Observables.Observable{Tuple{Base.StepRangeLen{Float64, Base.TwicePrecision{Float64}, Base.TwicePrecision{Float64}, Int64}, Base.StepRangeLen{Float64, Base.TwicePrecision{Float64}, Base.TwicePrecision{Float64}, Int64}, Base.StepRangeLen{Float64, Base.TwicePrecision{Float64}, Base.TwicePrecision{Float64}, Int64}, Main.var"#5#7"}}}, Tuple{Observables.Observable{Base.StepRangeLen{Float64, Base.TwicePrecision{Float64}, Base.TwicePrecision{Float64}, Int64}}, Observables.Observable{Base.StepRangeLen{Float64, Base.TwicePrecision{Float64}, Base.TwicePrecision{Float64}, Int64}}, Observables.Observable{Base.StepRangeLen{Float64, Base.TwicePrecision{Float64}, Base.TwicePrecision{Float64}, Int64}}, Observables.Observable{Main.var"#5#7"}}}}})
│   exception =
│    LoadError: UndefVarError: #5#7 not defined
│    in expression starting at string:1
└ @ Main C:\Users\sdani\.julia\packages\TracePrecompiles\FBguk\src\process-prs.jl:32
┌ Warning: Could not precompile precompile(Tuple{typeof(Observables.listeners), Observables.Observable{Main.var"#5#7"}})
│   exception =
│    LoadError: UndefVarError: #5#7 not defined
│    in expression starting at string:1
└ @ Main C:\Users\sdani\.julia\packages\TracePrecompiles\FBguk\src\process-prs.jl:32
┌ Warning: Could not precompile precompile(Tuple{typeof(Core.convert), Type{Observables.var"#callback#13"{Makie.var"#130#132"{MakieCore.Attributes, Observables.Observable{Tuple{Base.StepRangeLen{Float64, Base.TwicePrecision{Float64}, Base.TwicePrecision{Float64}, Int64}, Base.StepRangeLen{Float64, Base.TwicePrecision{Float64}, Base.TwicePrecision{Float64}, Int64}, Base.StepRangeLen{Float64, Base.TwicePrecision{Float64}, Base.TwicePrecision{Float64}, Int64}, Array{Float32, 3}}}, DataType}, Tuple{Observables.Observable{Tuple{}}, Observables.Observable{Tuple{Base.StepRangeLen{Float64, Base.TwicePrecision{Float64}, Base.TwicePrecision{Float64}, Int64}, Base.StepRangeLen{Float64, Base.TwicePrecision{Float64}, Base.TwicePrecision{Float64}, Int64}, Base.StepRangeLen{Float64, Base.TwicePrecision{Float64}, Base.TwicePrecision{Float64}, Int64}, Main.var"#5#7"}}}}}, Observables.var"#callback#13"{Makie.var"#130#132"{MakieCore.Attributes, Observables.Observable{Tuple{Base.StepRangeLen{Float64, Base.TwicePrecision{Float64}, Base.TwicePrecision{Float64}, Int64}, Base.StepRangeLen{Float64, Base.TwicePrecision{Float64}, Base.TwicePrecision{Float64}, Int64}, Base.StepRangeLen{Float64, Base.TwicePrecision{Float64}, Base.TwicePrecision{Float64}, Int64}, Array{Float32, 3}}}, DataType}, Tuple{Observables.Observable{Tuple{}}, Observables.Observable{Tuple{Base.StepRangeLen{Float64, Base.TwicePrecision{Float64}, Base.TwicePrecision{Float64}, Int64}, Base.StepRangeLen{Float64, Base.TwicePrecision{Float64}, Base.TwicePrecision{Float64}, Int64}, Base.StepRangeLen{Float64, Base.TwicePrecision{Float64}, Base.TwicePrecision{Float64}, Int64}, Main.var"#5#7"}}}}})
│   exception =
│    LoadError: UndefVarError: #5#7 not defined
│    in expression starting at string:1
└ @ Main C:\Users\sdani\.julia\packages\TracePrecompiles\FBguk\src\process-prs.jl:32
┌ Warning: Could not precompile precompile(Tuple{typeof(Base.insert!), Array{Pair{Int64, Any}, 1}, Int64, Pair{Int64, Observables.var"#callback#13"{Makie.var"#130#132"{MakieCore.Attributes, Observables.Observable{Tuple{Base.StepRangeLen{Float64, Base.TwicePrecision{Float64}, Base.TwicePrecision{Float64}, Int64}, Base.StepRangeLen{Float64, Base.TwicePrecision{Float64}, Base.TwicePrecision{Float64}, Int64}, Base.StepRangeLen{Float64, Base.TwicePrecision{Float64}, Base.TwicePrecision{Float64}, Int64}, Array{Float32, 3}}}, DataType}, Tuple{Observables.Observable{Tuple{}}, Observables.Observable{Tuple{Base.StepRangeLen{Float64, Base.TwicePrecision{Float64}, Base.TwicePrecision{Float64}, Int64}, Base.StepRangeLen{Float64, Base.TwicePrecision{Float64}, Base.TwicePrecision{Float64}, Int64}, Base.StepRangeLen{Float64, Base.TwicePrecision{Float64}, Base.TwicePrecision{Float64}, Int64}, Main.var"#5#7"}}}}}})
│   exception =
│    LoadError: UndefVarError: #5#7 not defined
│    in expression starting at string:1
└ @ Main C:\Users\sdani\.julia\packages\TracePrecompiles\FBguk\src\process-prs.jl:32
┌ Warning: Could not precompile precompile(Tuple{typeof(Observables.listeners), Observables.Observable{Tuple{Base.StepRangeLen{Float64, Base.TwicePrecision{Float64}, Base.TwicePrecision{Float64}, Int64}, Base.StepRangeLen{Float64, Base.TwicePrecision{Float64}, Base.TwicePrecision{Float64}, Int64}, Base.StepRangeLen{Float64, Base.TwicePrecision{Float64}, Base.TwicePrecision{Float64}, Int64}, Main.var"#5#7"}}})
│   exception =
│    LoadError: UndefVarError: #5#7 not defined
│    in expression starting at string:1
└ @ Main C:\Users\sdani\.julia\packages\TracePrecompiles\FBguk\src\process-prs.jl:32
┌ Warning: Could not precompile precompile(Tuple{typeof(MakieCore.plot!), Makie.Scene, Type{MakieCore.Combined{MakieCore.volume, Tuple{Base.StepRangeLen{Float64, Base.TwicePrecision{Float64}, Base.TwicePrecision{Float64}, Int64}, Base.StepRangeLen{Float64, Base.TwicePrecision{Float64}, Base.TwicePrecision{Float64}, Int64}, Base.StepRangeLen{Float64, Base.TwicePrecision{Float64}, Base.TwicePrecision{Float64}, Int64}, Main.var"#5#7"}}}, MakieCore.Attributes, Tuple{Observables.Observable{Base.StepRangeLen{Float64, Base.TwicePrecision{Float64}, Base.TwicePrecision{Float64}, Int64}}, Observables.Observable{Base.StepRangeLen{Float64, Base.TwicePrecision{Float64}, Base.TwicePrecision{Float64}, Int64}}, Observables.Observable{Base.StepRangeLen{Float64, Base.TwicePrecision{Float64}, Base.TwicePrecision{Float64}, Int64}}, Observables.Observable{Main.var"#5#7"}}, Observables.Observable{Tuple{Base.StepRangeLen{Float64, Base.TwicePrecision{Float64}, Base.TwicePrecision{Float64}, Int64}, Base.StepRangeLen{Float64, Base.TwicePrecision{Float64}, Base.TwicePrecision{Float64}, Int64}, Base.StepRangeLen{Float64, Base.TwicePrecision{Float64}, Base.TwicePrecision{Float64}, Int64}, Array{Float32, 3}}}})
│   exception =
│    LoadError: UndefVarError: #5#7 not defined
│    in expression starting at string:1
└ @ Main C:\Users\sdani\.julia\packages\TracePrecompiles\FBguk\src\process-prs.jl:32
┌ Warning: Could not precompile precompile(Tuple{typeof(Base.Broadcast.combine_styles), Tuple{Base.StepRangeLen{Float64, Base.TwicePrecision{Float64}, Base.TwicePrecision{Float64}, Int64}, Base.StepRangeLen{Float64, Base.TwicePrecision{Float64}, Base.TwicePrecision{Float64}, Int64}, Base.StepRangeLen{Float64, Base.TwicePrecision{Float64}, Base.TwicePrecision{Float64}, Int64}, Main.var"#6#8"}})
│   exception =
│    LoadError: UndefVarError: #6#8 not defined
│    in expression starting at string:1
└ @ Main C:\Users\sdani\.julia\packages\TracePrecompiles\FBguk\src\process-prs.jl:32
┌ Warning: Could not precompile precompile(Tuple{typeof(Base.Broadcast.broadcasted), Base.Broadcast.Style{Tuple}, Function, Tuple{Base.StepRangeLen{Float64, Base.TwicePrecision{Float64}, Base.TwicePrecision{Float64}, Int64}, Base.StepRangeLen{Float64, Base.TwicePrecision{Float64}, Base.TwicePrecision{Float64}, Int64}, Base.StepRangeLen{Float64, Base.TwicePrecision{Float64}, Base.TwicePrecision{Float64}, Int64}, Main.var"#6#8"}})
│   exception =
│    LoadError: UndefVarError: #6#8 not defined
│    in expression starting at string:1
└ @ Main C:\Users\sdani\.julia\packages\TracePrecompiles\FBguk\src\process-prs.jl:32
┌ Warning: Could not precompile precompile(Tuple{Type{Base.Broadcast.Broadcasted{Base.Broadcast.Style{Tuple}, Axes, F, Args} where Args<:Tuple where F where Axes}, typeof(Observables.to_value), Tuple{Tuple{Base.StepRangeLen{Float64, Base.TwicePrecision{Float64}, Base.TwicePrecision{Float64}, Int64}, Base.StepRangeLen{Float64, Base.TwicePrecision{Float64}, Base.TwicePrecision{Float64}, Int64}, Base.StepRangeLen{Float64, Base.TwicePrecision{Float64}, Base.TwicePrecision{Float64}, Int64}, Main.var"#6#8"}}})
│   exception =
│    LoadError: UndefVarError: #6#8 not defined
│    in expression starting at string:1
└ @ Main C:\Users\sdani\.julia\packages\TracePrecompiles\FBguk\src\process-prs.jl:32
┌ Warning: Could not precompile precompile(Tuple{typeof(Base.Broadcast.instantiate), Base.Broadcast.Broadcasted{Base.Broadcast.Style{Tuple}, Nothing, typeof(Observables.to_value), Tuple{Tuple{Base.StepRangeLen{Float64, Base.TwicePrecision{Float64}, Base.TwicePrecision{Float64}, Int64}, Base.StepRangeLen{Float64, Base.TwicePrecision{Float64}, Base.TwicePrecision{Float64}, Int64}, Base.StepRangeLen{Float64, Base.TwicePrecision{Float64}, Base.TwicePrecision{Float64}, Int64}, Main.var"#6#8"}}}})
│   exception =
│    LoadError: UndefVarError: #6#8 not defined
│    in expression starting at string:1
└ @ Main C:\Users\sdani\.julia\packages\TracePrecompiles\FBguk\src\process-prs.jl:32
┌ Warning: Could not precompile precompile(Tuple{typeof(Base.copy), Base.Broadcast.Broadcasted{Base.Broadcast.Style{Tuple}, Nothing, typeof(Observables.to_value), Tuple{Tuple{Base.StepRangeLen{Float64, Base.TwicePrecision{Float64}, Base.TwicePrecision{Float64}, Int64}, Base.StepRangeLen{Float64, Base.TwicePrecision{Float64}, Base.TwicePrecision{Float64}, Int64}, Base.StepRangeLen{Float64, Base.TwicePrecision{Float64}, Base.TwicePrecision{Float64}, Int64}, Main.var"#6#8"}}}})
│   exception =
│    LoadError: UndefVarError: #6#8 not defined
│    in expression starting at string:1
└ @ Main C:\Users\sdani\.julia\packages\TracePrecompiles\FBguk\src\process-prs.jl:32
┌ Warning: Could not precompile precompile(Tuple{typeof(MakieCore.convert_arguments), Type{MakieCore.Combined{MakieCore.volume, Tuple{Base.StepRangeLen{Float64, Base.TwicePrecision{Float64}, Base.TwicePrecision{Float64}, Int64}, Base.StepRangeLen{Float64, Base.TwicePrecision{Float64}, Base.TwicePrecision{Float64}, Int64}, Base.StepRangeLen{Float64, Base.TwicePrecision{Float64}, Base.TwicePrecision{Float64}, Int64}, Main.var"#6#8"}}}, Base.StepRangeLen{Float64, Base.TwicePrecision{Float64}, Base.TwicePrecision{Float64}, Int64}, Base.StepRangeLen{Float64, Base.TwicePrecision{Float64}, Base.TwicePrecision{Float64}, Int64}, Base.StepRangeLen{Float64, Base.TwicePrecision{Float64}, Base.TwicePrecision{Float64}, Int64}, Function})
│   exception =
│    LoadError: UndefVarError: #6#8 not defined
│    in expression starting at string:1
└ @ Main C:\Users\sdani\.julia\packages\TracePrecompiles\FBguk\src\process-prs.jl:32
┌ Warning: Could not precompile precompile(Tuple{Type{Base.Broadcast.Broadcasted{Base.Broadcast.DefaultArrayStyle{3}, Axes, F, Args} where Args<:Tuple where F where Axes}, Main.var"#6#8", Tuple{Base.ReshapedArray{Float64, 3, Base.StepRangeLen{Float64, Base.TwicePrecision{Float64}, Base.TwicePrecision{Float64}, Int64}, Tuple{}}, Base.ReshapedArray{Float64, 3, Base.StepRangeLen{Float64, Base.TwicePrecision{Float64}, Base.TwicePrecision{Float64}, Int64}, Tuple{}}, Base.ReshapedArray{Float64, 3, Base.StepRangeLen{Float64, Base.TwicePrecision{Float64}, Base.TwicePrecision{Float64}, Int64}, Tuple{}}}})
│   exception =
│    LoadError: UndefVarError: #6#8 not defined
│    in expression starting at string:1
└ @ Main C:\Users\sdani\.julia\packages\TracePrecompiles\FBguk\src\process-prs.jl:32
┌ Warning: Could not precompile precompile(Tuple{Type{Base.Broadcast.Broadcasted{Base.Broadcast.DefaultArrayStyle{3}, Axes, F, Args} where Args<:Tuple where F where Axes}, typeof(Makie.el32convert), Tuple{Base.Broadcast.Broadcasted{Base.Broadcast.DefaultArrayStyle{3}, Nothing, Main.var"#6#8", Tuple{Base.ReshapedArray{Float64, 3, Base.StepRangeLen{Float64, Base.TwicePrecision{Float64}, Base.TwicePrecision{Float64}, Int64}, Tuple{}}, Base.ReshapedArray{Float64, 3, Base.StepRangeLen{Float64, Base.TwicePrecision{Float64}, Base.TwicePrecision{Float64}, Int64}, Tuple{}}, Base.ReshapedArray{Float64, 3, Base.StepRangeLen{Float64, Base.TwicePrecision{Float64}, Base.TwicePrecision{Float64}, Int64}, Tuple{}}}}}})
│   exception =
│    LoadError: UndefVarError: #6#8 not defined
│    in expression starting at string:1
└ @ Main C:\Users\sdani\.julia\packages\TracePrecompiles\FBguk\src\process-prs.jl:32
┌ Warning: Could not precompile precompile(Tuple{typeof(Base.Broadcast.materialize), Base.Broadcast.Broadcasted{Base.Broadcast.DefaultArrayStyle{3}, Nothing, typeof(Makie.el32convert), Tuple{Base.Broadcast.Broadcasted{Base.Broadcast.DefaultArrayStyle{3}, Nothing, Main.var"#6#8", Tuple{Base.ReshapedArray{Float64, 3, Base.StepRangeLen{Float64, Base.TwicePrecision{Float64}, Base.TwicePrecision{Float64}, Int64}, Tuple{}}, Base.ReshapedArray{Float64, 3, Base.StepRangeLen{Float64, Base.TwicePrecision{Float64}, Base.TwicePrecision{Float64}, Int64}, Tuple{}}, Base.ReshapedArray{Float64, 3, Base.StepRangeLen{Float64, Base.TwicePrecision{Float64}, Base.TwicePrecision{Float64}, Int64}, Tuple{}}}}}}})
│   exception =
│    LoadError: UndefVarError: #6#8 not defined
│    in expression starting at string:1
└ @ Main C:\Users\sdani\.julia\packages\TracePrecompiles\FBguk\src\process-prs.jl:32
┌ Warning: Could not precompile precompile(Tuple{typeof(MakieCore.plottype), Type{MakieCore.Combined{MakieCore.volume, Tuple{Base.StepRangeLen{Float64, Base.TwicePrecision{Float64}, Base.TwicePrecision{Float64}, Int64}, Base.StepRangeLen{Float64, Base.TwicePrecision{Float64}, Base.TwicePrecision{Float64}, Int64}, Base.StepRangeLen{Float64, Base.TwicePrecision{Float64}, Base.TwicePrecision{Float64}, Int64}, Main.var"#6#8"}}}, Base.StepRangeLen{Float64, Base.TwicePrecision{Float64}, Base.TwicePrecision{Float64}, Int64}, Base.StepRangeLen{Float64, Base.TwicePrecision{Float64}, Base.TwicePrecision{Float64}, Int64}, Base.StepRangeLen{Float64, Base.TwicePrecision{Float64}, Base.TwicePrecision{Float64}, Int64}, Vararg{Any}})
│   exception =
│    LoadError: UndefVarError: #6#8 not defined
│    in expression starting at string:1
└ @ Main C:\Users\sdani\.julia\packages\TracePrecompiles\FBguk\src\process-prs.jl:32
┌ Warning: Could not precompile precompile(Tuple{typeof(Base.Broadcast.combine_styles), Base.RefValue{Type{Observables.Observable{T} where T}}, Tuple{Base.StepRangeLen{Float64, Base.TwicePrecision{Float64}, Base.TwicePrecision{Float64}, Int64}, Base.StepRangeLen{Float64, Base.TwicePrecision{Float64}, Base.TwicePrecision{Float64}, Int64}, Base.StepRangeLen{Float64, Base.TwicePrecision{Float64}, Base.TwicePrecision{Float64}, Int64}, Main.var"#6#8"}})
│   exception =
│    LoadError: UndefVarError: #6#8 not defined
│    in expression starting at string:1
└ @ Main C:\Users\sdani\.julia\packages\TracePrecompiles\FBguk\src\process-prs.jl:32
┌ Warning: Could not precompile precompile(Tuple{typeof(Base.Broadcast.broadcasted), Base.Broadcast.Style{Tuple}, Function, Base.RefValue{Type{Observables.Observable{T} where T}}, Tuple{Base.StepRangeLen{Float64, Base.TwicePrecision{Float64}, Base.TwicePrecision{Float64}, Int64}, Base.StepRangeLen{Float64, Base.TwicePrecision{Float64}, Base.TwicePrecision{Float64}, Int64}, Base.StepRangeLen{Float64, Base.TwicePrecision{Float64}, Base.TwicePrecision{Float64}, Int64}, Main.var"#6#8"}})
│   exception =
│    LoadError: UndefVarError: #6#8 not defined
│    in expression starting at string:1
└ @ Main C:\Users\sdani\.julia\packages\TracePrecompiles\FBguk\src\process-prs.jl:32
┌ Warning: Could not precompile precompile(Tuple{Type{Base.Broadcast.Broadcasted{Base.Broadcast.Style{Tuple}, Axes, F, Args} where Args<:Tuple where F where Axes}, typeof(Base.convert), Tuple{Base.RefValue{Type{Observables.Observable{T} where T}}, Tuple{Base.StepRangeLen{Float64, Base.TwicePrecision{Float64}, Base.TwicePrecision{Float64}, Int64}, Base.StepRangeLen{Float64, Base.TwicePrecision{Float64}, Base.TwicePrecision{Float64}, Int64}, Base.StepRangeLen{Float64, Base.TwicePrecision{Float64}, Base.TwicePrecision{Float64}, Int64}, Main.var"#6#8"}}})
│   exception =
│    LoadError: UndefVarError: #6#8 not defined
│    in expression starting at string:1
└ @ Main C:\Users\sdani\.julia\packages\TracePrecompiles\FBguk\src\process-prs.jl:32
┌ Warning: Could not precompile precompile(Tuple{typeof(Base.Broadcast.instantiate), Base.Broadcast.Broadcasted{Base.Broadcast.Style{Tuple}, Nothing, typeof(Base.convert), Tuple{Base.RefValue{Type{Observables.Observable{T} where T}}, Tuple{Base.StepRangeLen{Float64, Base.TwicePrecision{Float64}, Base.TwicePrecision{Float64}, Int64}, Base.StepRangeLen{Float64, Base.TwicePrecision{Float64}, Base.TwicePrecision{Float64}, Int64}, Base.StepRangeLen{Float64, Base.TwicePrecision{Float64}, Base.TwicePrecision{Float64}, Int64}, Main.var"#6#8"}}}})
│   exception =
│    LoadError: UndefVarError: #6#8 not defined
│    in expression starting at string:1
└ @ Main C:\Users\sdani\.julia\packages\TracePrecompiles\FBguk\src\process-prs.jl:32
┌ Warning: Could not precompile precompile(Tuple{typeof(Base.copy), Base.Broadcast.Broadcasted{Base.Broadcast.Style{Tuple}, Nothing, typeof(Base.convert), Tuple{Base.RefValue{Type{Observables.Observable{T} where T}}, Tuple{Base.StepRangeLen{Float64, Base.TwicePrecision{Float64}, Base.TwicePrecision{Float64}, Int64}, Base.StepRangeLen{Float64, Base.TwicePrecision{Float64}, Base.TwicePrecision{Float64}, Int64}, Base.StepRangeLen{Float64, Base.TwicePrecision{Float64}, Base.TwicePrecision{Float64}, Int64}, Main.var"#6#8"}}}})
│   exception =
│    LoadError: UndefVarError: #6#8 not defined
│    in expression starting at string:1
└ @ Main C:\Users\sdani\.julia\packages\TracePrecompiles\FBguk\src\process-prs.jl:32
┌ Warning: Could not precompile precompile(Tuple{typeof(Base.map), typeof(Observables.to_value), Tuple{Observables.Observable{Base.StepRangeLen{Float64, Base.TwicePrecision{Float64}, Base.TwicePrecision{Float64}, Int64}}, Observables.Observable{Base.StepRangeLen{Float64, Base.TwicePrecision{Float64}, Base.TwicePrecision{Float64}, Int64}}, Observables.Observable{Main.var"#6#8"}}})
│   exception =
│    LoadError: UndefVarError: #6#8 not defined
│    in expression starting at string:1
└ @ Main C:\Users\sdani\.julia\packages\TracePrecompiles\FBguk\src\process-prs.jl:32
┌ Warning: Could not precompile precompile(Tuple{Core.var"#Type##kw", NamedTuple{(:ignore_equal_values,), Tuple{Bool}}, Type{Observables.Observable{T} where T}, Tuple{Base.StepRangeLen{Float64, Base.TwicePrecision{Float64}, Base.TwicePrecision{Float64}, Int64}, Base.StepRangeLen{Float64, Base.TwicePrecision{Float64}, Base.TwicePrecision{Float64}, Int64}, Base.StepRangeLen{Float64, Base.TwicePrecision{Float64}, Base.TwicePrecision{Float64}, Int64}, Main.var"#6#8"}})
│   exception =
│    LoadError: UndefVarError: #6#8 not defined
│    in expression starting at string:1
└ @ Main C:\Users\sdani\.julia\packages\TracePrecompiles\FBguk\src\process-prs.jl:32
┌ Warning: Could not precompile precompile(Tuple{Base.var"#map!##kw", NamedTuple{(:update,), Tuple{Bool}}, typeof(Base.map!), Any, Observables.Observable{Tuple{Base.StepRangeLen{Float64, Base.TwicePrecision{Float64}, Base.TwicePrecision{Float64}, Int64}, Base.StepRangeLen{Float64, Base.TwicePrecision{Float64}, Base.TwicePrecision{Float64}, Int64}, Base.StepRangeLen{Float64, Base.TwicePrecision{Float64}, Base.TwicePrecision{Float64}, Int64}, Main.var"#6#8"}}, Observables.Observable{Base.StepRangeLen{Float64, Base.TwicePrecision{Float64}, Base.TwicePrecision{Float64}, Int64}}, Vararg{Any}})
│   exception =
│    LoadError: UndefVarError: #6#8 not defined
│    in expression starting at string:1
└ @ Main C:\Users\sdani\.julia\packages\TracePrecompiles\FBguk\src\process-prs.jl:32
┌ Warning: Could not precompile precompile(Tuple{Observables.var"##map!#14", Bool, typeof(Base.map!), Any, Observables.Observable{Tuple{Base.StepRangeLen{Float64, Base.TwicePrecision{Float64}, Base.TwicePrecision{Float64}, Int64}, Base.StepRangeLen{Float64, Base.TwicePrecision{Float64}, Base.TwicePrecision{Float64}, Int64}, Base.StepRangeLen{Float64, Base.TwicePrecision{Float64}, Base.TwicePrecision{Float64}, Int64}, Main.var"#6#8"}}, Observables.Observable{Base.StepRangeLen{Float64, Base.TwicePrecision{Float64}, Base.TwicePrecision{Float64}, Int64}}, Vararg{Any}})
│   exception =
│    LoadError: UndefVarError: #6#8 not defined
│    in expression starting at string:1
└ @ Main C:\Users\sdani\.julia\packages\TracePrecompiles\FBguk\src\process-prs.jl:32
┌ Warning: Could not precompile precompile(Tuple{typeof(Core.convert), Type{Observables.var"#callback#13"{Observables.var"#15#16"{typeof(tuple), Observables.Observable{Tuple{Base.StepRangeLen{Float64, Base.TwicePrecision{Float64}, Base.TwicePrecision{Float64}, Int64}, Base.StepRangeLen{Float64, Base.TwicePrecision{Float64}, Base.TwicePrecision{Float64}, Int64}, Base.StepRangeLen{Float64, Base.TwicePrecision{Float64}, Base.TwicePrecision{Float64}, Int64}, Main.var"#6#8"}}}, Tuple{Observables.Observable{Base.StepRangeLen{Float64, Base.TwicePrecision{Float64}, Base.TwicePrecision{Float64}, Int64}}, Observables.Observable{Base.StepRangeLen{Float64, Base.TwicePrecision{Float64}, Base.TwicePrecision{Float64}, Int64}}, Observables.Observable{Base.StepRangeLen{Float64, Base.TwicePrecision{Float64}, Base.TwicePrecision{Float64}, Int64}}, Observables.Observable{Main.var"#6#8"}}}}, Observables.var"#callback#13"{Observables.var"#15#16"{typeof(tuple), Observables.Observable{Tuple{Base.StepRangeLen{Float64, Base.TwicePrecision{Float64}, Base.TwicePrecision{Float64}, Int64}, Base.StepRangeLen{Float64, Base.TwicePrecision{Float64}, Base.TwicePrecision{Float64}, Int64}, Base.StepRangeLen{Float64, Base.TwicePrecision{Float64}, Base.TwicePrecision{Float64}, Int64}, Main.var"#6#8"}}}, Tuple{Observables.Observable{Base.StepRangeLen{Float64, Base.TwicePrecision{Float64}, Base.TwicePrecision{Float64}, Int64}}, Observables.Observable{Base.StepRangeLen{Float64, Base.TwicePrecision{Float64}, Base.TwicePrecision{Float64}, Int64}}, Observables.Observable{Base.StepRangeLen{Float64, Base.TwicePrecision{Float64}, Base.TwicePrecision{Float64}, Int64}}, Observables.Observable{Main.var"#6#8"}}}})
│   exception =
│    LoadError: UndefVarError: #6#8 not defined
│    in expression starting at string:1
└ @ Main C:\Users\sdani\.julia\packages\TracePrecompiles\FBguk\src\process-prs.jl:32
┌ Warning: Could not precompile precompile(Tuple{typeof(Base.insert!), Array{Pair{Int64, Any}, 1}, Int64, Pair{Int64, Observables.var"#callback#13"{Observables.var"#15#16"{typeof(tuple), Observables.Observable{Tuple{Base.StepRangeLen{Float64, Base.TwicePrecision{Float64}, Base.TwicePrecision{Float64}, Int64}, Base.StepRangeLen{Float64, Base.TwicePrecision{Float64}, Base.TwicePrecision{Float64}, Int64}, Base.StepRangeLen{Float64, Base.TwicePrecision{Float64}, Base.TwicePrecision{Float64}, Int64}, Main.var"#6#8"}}}, Tuple{Observables.Observable{Base.StepRangeLen{Float64, Base.TwicePrecision{Float64}, Base.TwicePrecision{Float64}, Int64}}, Observables.Observable{Base.StepRangeLen{Float64, Base.TwicePrecision{Float64}, Base.TwicePrecision{Float64}, Int64}}, Observables.Observable{Base.StepRangeLen{Float64, Base.TwicePrecision{Float64}, Base.TwicePrecision{Float64}, Int64}}, Observables.Observable{Main.var"#6#8"}}}}})
│   exception =
│    LoadError: UndefVarError: #6#8 not defined
│    in expression starting at string:1
└ @ Main C:\Users\sdani\.julia\packages\TracePrecompiles\FBguk\src\process-prs.jl:32
┌ Warning: Could not precompile precompile(Tuple{typeof(Observables.listeners), Observables.Observable{Main.var"#6#8"}})
│   exception =
│    LoadError: UndefVarError: #6#8 not defined
│    in expression starting at string:1
└ @ Main C:\Users\sdani\.julia\packages\TracePrecompiles\FBguk\src\process-prs.jl:32
┌ Warning: Could not precompile precompile(Tuple{typeof(Core.convert), Type{Observables.var"#callback#13"{Makie.var"#130#132"{MakieCore.Attributes, Observables.Observable{Tuple{Base.StepRangeLen{Float64, Base.TwicePrecision{Float64}, Base.TwicePrecision{Float64}, Int64}, Base.StepRangeLen{Float64, Base.TwicePrecision{Float64}, Base.TwicePrecision{Float64}, Int64}, Base.StepRangeLen{Float64, Base.TwicePrecision{Float64}, Base.TwicePrecision{Float64}, Int64}, Array{Float32, 3}}}, DataType}, Tuple{Observables.Observable{Tuple{}}, Observables.Observable{Tuple{Base.StepRangeLen{Float64, Base.TwicePrecision{Float64}, Base.TwicePrecision{Float64}, Int64}, Base.StepRangeLen{Float64, Base.TwicePrecision{Float64}, Base.TwicePrecision{Float64}, Int64}, Base.StepRangeLen{Float64, Base.TwicePrecision{Float64}, Base.TwicePrecision{Float64}, Int64}, Main.var"#6#8"}}}}}, Observables.var"#callback#13"{Makie.var"#130#132"{MakieCore.Attributes, Observables.Observable{Tuple{Base.StepRangeLen{Float64, Base.TwicePrecision{Float64}, Base.TwicePrecision{Float64}, Int64}, Base.StepRangeLen{Float64, Base.TwicePrecision{Float64}, Base.TwicePrecision{Float64}, Int64}, Base.StepRangeLen{Float64, Base.TwicePrecision{Float64}, Base.TwicePrecision{Float64}, Int64}, Array{Float32, 3}}}, DataType}, Tuple{Observables.Observable{Tuple{}}, Observables.Observable{Tuple{Base.StepRangeLen{Float64, Base.TwicePrecision{Float64}, Base.TwicePrecision{Float64}, Int64}, Base.StepRangeLen{Float64, Base.TwicePrecision{Float64}, Base.TwicePrecision{Float64}, Int64}, Base.StepRangeLen{Float64, Base.TwicePrecision{Float64}, Base.TwicePrecision{Float64}, Int64}, Main.var"#6#8"}}}}})
│   exception =
│    LoadError: UndefVarError: #6#8 not defined
│    in expression starting at string:1
└ @ Main C:\Users\sdani\.julia\packages\TracePrecompiles\FBguk\src\process-prs.jl:32
┌ Warning: Could not precompile precompile(Tuple{typeof(Base.insert!), Array{Pair{Int64, Any}, 1}, Int64, Pair{Int64, Observables.var"#callback#13"{Makie.var"#130#132"{MakieCore.Attributes, Observables.Observable{Tuple{Base.StepRangeLen{Float64, Base.TwicePrecision{Float64}, Base.TwicePrecision{Float64}, Int64}, Base.StepRangeLen{Float64, Base.TwicePrecision{Float64}, Base.TwicePrecision{Float64}, Int64}, Base.StepRangeLen{Float64, Base.TwicePrecision{Float64}, Base.TwicePrecision{Float64}, Int64}, Array{Float32, 3}}}, DataType}, Tuple{Observables.Observable{Tuple{}}, Observables.Observable{Tuple{Base.StepRangeLen{Float64, Base.TwicePrecision{Float64}, Base.TwicePrecision{Float64}, Int64}, Base.StepRangeLen{Float64, Base.TwicePrecision{Float64}, Base.TwicePrecision{Float64}, Int64}, Base.StepRangeLen{Float64, Base.TwicePrecision{Float64}, Base.TwicePrecision{Float64}, Int64}, Main.var"#6#8"}}}}}})
│   exception =
│    LoadError: UndefVarError: #6#8 not defined
│    in expression starting at string:1
└ @ Main C:\Users\sdani\.julia\packages\TracePrecompiles\FBguk\src\process-prs.jl:32
┌ Warning: Could not precompile precompile(Tuple{typeof(Observables.listeners), Observables.Observable{Tuple{Base.StepRangeLen{Float64, Base.TwicePrecision{Float64}, Base.TwicePrecision{Float64}, Int64}, Base.StepRangeLen{Float64, Base.TwicePrecision{Float64}, Base.TwicePrecision{Float64}, Int64}, Base.StepRangeLen{Float64, Base.TwicePrecision{Float64}, Base.TwicePrecision{Float64}, Int64}, Main.var"#6#8"}}})
│   exception =
│    LoadError: UndefVarError: #6#8 not defined
│    in expression starting at string:1
└ @ Main C:\Users\sdani\.julia\packages\TracePrecompiles\FBguk\src\process-prs.jl:32
┌ Warning: Could not precompile precompile(Tuple{typeof(MakieCore.plot!), Makie.Scene, Type{MakieCore.Combined{MakieCore.volume, Tuple{Base.StepRangeLen{Float64, Base.TwicePrecision{Float64}, Base.TwicePrecision{Float64}, Int64}, Base.StepRangeLen{Float64, Base.TwicePrecision{Float64}, Base.TwicePrecision{Float64}, Int64}, Base.StepRangeLen{Float64, Base.TwicePrecision{Float64}, Base.TwicePrecision{Float64}, Int64}, Main.var"#6#8"}}}, MakieCore.Attributes, Tuple{Observables.Observable{Base.StepRangeLen{Float64, Base.TwicePrecision{Float64}, Base.TwicePrecision{Float64}, Int64}}, Observables.Observable{Base.StepRangeLen{Float64, Base.TwicePrecision{Float64}, Base.TwicePrecision{Float64}, Int64}}, Observables.Observable{Base.StepRangeLen{Float64, Base.TwicePrecision{Float64}, Base.TwicePrecision{Float64}, Int64}}, Observables.Observable{Main.var"#6#8"}}, Observables.Observable{Tuple{Base.StepRangeLen{Float64, Base.TwicePrecision{Float64}, Base.TwicePrecision{Float64}, Int64}, Base.StepRangeLen{Float64, Base.TwicePrecision{Float64}, Base.TwicePrecision{Float64}, Int64}, Base.StepRangeLen{Float64, Base.TwicePrecision{Float64}, Base.TwicePrecision{Float64}, Int64}, Array{Float32, 3}}}})
│   exception =
│    LoadError: UndefVarError: #6#8 not defined
│    in expression starting at string:1
└ @ Main C:\Users\sdani\.julia\packages\TracePrecompiles\FBguk\src\process-prs.jl:32
┌ Warning: Could not precompile precompile(Tuple{typeof(Main.xy_data), Float64, Float64})
│   exception =
│    LoadError: UndefVarError: xy_data not defined
│    in expression starting at string:1
└ @ Main C:\Users\sdani\.julia\packages\TracePrecompiles\FBguk\src\process-prs.jl:32
┌ Warning: Could not precompile precompile(Tuple{typeof(Main.xy_data), Float64, Float64})
│   exception =
│    LoadError: UndefVarError: xy_data not defined
│    in expression starting at string:1
└ @ Main C:\Users\sdani\.julia\packages\TracePrecompiles\FBguk\src\process-prs.jl:32
┌ Warning: Could not precompile precompile(Tuple{Type{Base.Generator{I, F} where F where I}, Main.var"#9#11", Base.Iterators.ProductIterator{Tuple{Base.StepRangeLen{Float64, Base.TwicePrecision{Float64}, Base.TwicePrecision{Float64}, Int64}, Base.StepRangeLen{Float64, Base.TwicePrecision{Float64}, Base.TwicePrecision{Float64}, Int64}}}})
│   exception =
│    LoadError: UndefVarError: #9#11 not defined
│    in expression starting at string:1
└ @ Main C:\Users\sdani\.julia\packages\TracePrecompiles\FBguk\src\process-prs.jl:32
┌ Warning: Could not precompile precompile(Tuple{typeof(Base.collect), Base.Generator{Base.Iterators.ProductIterator{Tuple{Base.StepRangeLen{Float64, Base.TwicePrecision{Float64}, Base.TwicePrecision{Float64}, Int64}, Base.StepRangeLen{Float64, Base.TwicePrecision{Float64}, Base.TwicePrecision{Float64}, Int64}}}, Main.var"#9#11"}})
│   exception =
│    LoadError: UndefVarError: #9#11 not defined
│    in expression starting at string:1
└ @ Main C:\Users\sdani\.julia\packages\TracePrecompiles\FBguk\src\process-prs.jl:32
┌ Warning: Could not precompile precompile(Tuple{Type{Base.Generator{I, F} where F where I}, Main.var"#10#12", Base.Iterators.ProductIterator{Tuple{Base.StepRangeLen{Float64, Base.TwicePrecision{Float64}, Base.TwicePrecision{Float64}, Int64}, Base.StepRangeLen{Float64, Base.TwicePrecision{Float64}, Base.TwicePrecision{Float64}, Int64}}}})
│   exception =
│    LoadError: UndefVarError: #10#12 not defined
│    in expression starting at string:1
└ @ Main C:\Users\sdani\.julia\packages\TracePrecompiles\FBguk\src\process-prs.jl:32
┌ Warning: Could not precompile precompile(Tuple{typeof(Base.collect), Base.Generator{Base.Iterators.ProductIterator{Tuple{Base.StepRangeLen{Float64, Base.TwicePrecision{Float64}, Base.TwicePrecision{Float64}, Int64}, Base.StepRangeLen{Float64, Base.TwicePrecision{Float64}, Base.TwicePrecision{Float64}, Int64}}}, Main.var"#10#12"}})
│   exception =
│    LoadError: UndefVarError: #10#12 not defined
│    in expression starting at string:1
└ @ Main C:\Users\sdani\.julia\packages\TracePrecompiles\FBguk\src\process-prs.jl:32
Main already defined in package
LinearAlgebra already defined in package
ModernGL already defined in package
Contour already defined in package
ColorTypes already defined in package
Base already defined in package
ShaderAbstractions already defined in package
FixedPointNumbers already defined in package
GLMakie already defined in package
Makie already defined in package
GLFW already defined in package
Core already defined in package
GeometryBasics already defined in package
FreeTypeAbstraction already defined in package
FileIO already defined in package
Colors already defined in package
    Updating git-repo `https://github.com/SimonDanisch/TracePrecompiles.jl`
    Updating registry at `C:\Users\sdani\.julia\registries\Beacon`
    Updating git-repo `https://github.com/beacon-biosignals/BeaconRegistry.git`
    Updating registry at `C:\Users\sdani\.julia\registries\General.toml`
   Resolving package versions...
    Updating `C:\Users\sdani\AppData\Local\Temp\jl_3QEWfa\Project.toml`
  [38bac4f8] + TracePrecompiles v0.1.0 `https://github.com/SimonDanisch/TracePrecompiles.jl#master`
    Updating `C:\Users\sdani\AppData\Local\Temp\jl_3QEWfa\Manifest.toml`
  [38bac4f8] + TracePrecompiles v0.1.0 `https://github.com/SimonDanisch/TracePrecompiles.jl#master`
